-- The C compiler identification is GNU 11.4.0
-- The CXX compiler identification is GNU 11.4.0
-- Detecting C compiler ABI info
-- Detecting C compiler ABI info - done
-- Check for working C compiler: /usr/bin/cc - skipped
-- Detecting C compile features
-- Detecting C compile features - done
-- Detecting CXX compiler ABI info
-- Detecting CXX compiler ABI info - done
-- Check for working CXX compiler: /usr/bin/c++ - skipped
-- Detecting CXX compile features
-- Detecting CXX compile features - done
-- Found ament_cmake: 1.3.8 (/opt/ros/humble/share/ament_cmake/cmake)
-- Found Python3: /usr/bin/python3 (found version "3.10.12") found components: Interpreter 
-- Override CMake install command with custom implementation using symlinks instead of copying resources
-- Found rosidl_default_generators: 1.2.0 (/opt/ros/humble/share/rosidl_default_generators/cmake)
-- Using all available rosidl_typesupport_c: rosidl_typesupport_fastrtps_c;rosidl_typesupport_introspection_c
-- Found rosidl_adapter: 3.1.5 (/opt/ros/humble/share/rosidl_adapter/cmake)
-- Using all available rosidl_typesupport_cpp: rosidl_typesupport_fastrtps_cpp;rosidl_typesupport_introspection_cpp
-- Found example_interfaces: 0.9.3 (/opt/ros/humble/share/example_interfaces/cmake)
-- Found geometry_msgs: 4.2.3 (/opt/ros/humble/share/geometry_msgs/cmake)
-- Found sensor_msgs: 4.2.3 (/opt/ros/humble/share/sensor_msgs/cmake)
-- Found ament_cmake_ros: 0.10.0 (/opt/ros/humble/share/ament_cmake_ros/cmake)
-- Using all available rosidl_typesupport_c: rosidl_typesupport_fastrtps_c;rosidl_typesupport_introspection_c
-- Using all available rosidl_typesupport_cpp: rosidl_typesupport_fastrtps_cpp;rosidl_typesupport_introspection_cpp
-- Found PythonInterp: /usr/bin/python3 (found suitable version "3.10.12", minimum required is "3.6") 
-- Found python_cmake_module: 0.10.0 (/opt/ros/humble/share/python_cmake_module/cmake)
-- Found PythonLibs: /usr/lib/x86_64-linux-gnu/libpython3.10.so (found suitable version "3.10.12", minimum required is "3.5") 
-- Using PYTHON_EXECUTABLE: /usr/bin/python3
-- Using PYTHON_INCLUDE_DIRS: /usr/include/python3.10
-- Using PYTHON_LIBRARIES: /usr/lib/x86_64-linux-gnu/libpython3.10.so
-- Found PythonExtra: .so  
-- Configuring done
-- Generating done
-- Build files have been written to: /home/bruno/umib_sam2_yolov8_ros2_ws/build/interfaces_pkg
[  1%] [34m[1mGenerating C code for ROS interfaces[0m
[  2%] [34m[1mGenerating C++ code for ROS interfaces[0m
[  2%] Built target ament_cmake_python_symlink_interfaces_pkg
running egg_info
creating interfaces_pkg.egg-info
writing interfaces_pkg.egg-info/PKG-INFO
writing dependency_links to interfaces_pkg.egg-info/dependency_links.txt
writing top-level names to interfaces_pkg.egg-info/top_level.txt
writing manifest file 'interfaces_pkg.egg-info/SOURCES.txt'
reading manifest file 'interfaces_pkg.egg-info/SOURCES.txt'
writing manifest file 'interfaces_pkg.egg-info/SOURCES.txt'
[  2%] Built target ament_cmake_python_build_interfaces_pkg_egg
[  2%] Built target interfaces_pkg__cpp
[  4%] [34m[1mGenerating C++ type support dispatch for ROS interfaces[0m
[  5%] [34m[1mGenerating C++ type support for eProsima Fast-RTPS[0m
[  7%] [34m[1mGenerating C++ introspection for ROS interfaces[0m
[ 12%] [32mBuilding C object CMakeFiles/interfaces_pkg__rosidl_generator_c.dir/rosidl_generator_c/interfaces_pkg/msg/detail/detected_object__functions.c.o[0m
[ 12%] [32mBuilding C object CMakeFiles/interfaces_pkg__rosidl_generator_c.dir/rosidl_generator_c/interfaces_pkg/msg/detail/mask_detection__functions.c.o[0m
[ 12%] [32mBuilding C object CMakeFiles/interfaces_pkg__rosidl_generator_c.dir/rosidl_generator_c/interfaces_pkg/msg/detail/list_of_mask_detections__functions.c.o[0m
[ 12%] [32mBuilding C object CMakeFiles/interfaces_pkg__rosidl_generator_c.dir/rosidl_generator_c/interfaces_pkg/msg/detail/yolov8_objects__functions.c.o[0m
[ 14%] [32mBuilding C object CMakeFiles/interfaces_pkg__rosidl_generator_c.dir/rosidl_generator_c/interfaces_pkg/msg/detail/tracking_mask__functions.c.o[0m
[ 15%] [32mBuilding C object CMakeFiles/interfaces_pkg__rosidl_generator_c.dir/rosidl_generator_c/interfaces_pkg/msg/detail/list_of_tracking_masks__functions.c.o[0m
[ 16%] [32m[1mLinking C shared library libinterfaces_pkg__rosidl_generator_c.so[0m
[ 16%] Built target interfaces_pkg__rosidl_generator_c
[ 18%] [34m[1mGenerating C type support for eProsima Fast-RTPS[0m
[ 19%] [34m[1mGenerating C type support dispatch for ROS interfaces[0m
[ 21%] [34m[1mGenerating C introspection for ROS interfaces[0m
[ 22%] [32mBuilding CXX object CMakeFiles/interfaces_pkg__rosidl_typesupport_cpp.dir/rosidl_typesupport_cpp/interfaces_pkg/msg/yolov8_objects__type_support.cpp.o[0m
[ 23%] [32mBuilding CXX object CMakeFiles/interfaces_pkg__rosidl_typesupport_cpp.dir/rosidl_typesupport_cpp/interfaces_pkg/msg/mask_detection__type_support.cpp.o[0m
[ 25%] [32mBuilding CXX object CMakeFiles/interfaces_pkg__rosidl_typesupport_cpp.dir/rosidl_typesupport_cpp/interfaces_pkg/msg/detected_object__type_support.cpp.o[0m
[ 26%] [32mBuilding CXX object CMakeFiles/interfaces_pkg__rosidl_typesupport_fastrtps_cpp.dir/rosidl_typesupport_fastrtps_cpp/interfaces_pkg/msg/detail/dds_fastrtps/detected_object__type_support.cpp.o[0m
[ 28%] [32mBuilding CXX object CMakeFiles/interfaces_pkg__rosidl_typesupport_introspection_cpp.dir/rosidl_typesupport_introspection_cpp/interfaces_pkg/msg/detail/detected_object__type_support.cpp.o[0m
[ 29%] [32mBuilding CXX object CMakeFiles/interfaces_pkg__rosidl_typesupport_fastrtps_cpp.dir/rosidl_typesupport_fastrtps_cpp/interfaces_pkg/msg/detail/dds_fastrtps/yolov8_objects__type_support.cpp.o[0m
[ 30%] [32mBuilding CXX object CMakeFiles/interfaces_pkg__rosidl_typesupport_fastrtps_cpp.dir/rosidl_typesupport_fastrtps_cpp/interfaces_pkg/msg/detail/dds_fastrtps/mask_detection__type_support.cpp.o[0m
[ 32%] [32mBuilding CXX object CMakeFiles/interfaces_pkg__rosidl_typesupport_cpp.dir/rosidl_typesupport_cpp/interfaces_pkg/msg/list_of_mask_detections__type_support.cpp.o[0m
[ 33%] [32mBuilding CXX object CMakeFiles/interfaces_pkg__rosidl_typesupport_c.dir/rosidl_typesupport_c/interfaces_pkg/msg/detected_object__type_support.cpp.o[0m
[ 35%] [32mBuilding CXX object CMakeFiles/interfaces_pkg__rosidl_typesupport_c.dir/rosidl_typesupport_c/interfaces_pkg/msg/yolov8_objects__type_support.cpp.o[0m
[ 36%] [32mBuilding CXX object CMakeFiles/interfaces_pkg__rosidl_typesupport_c.dir/rosidl_typesupport_c/interfaces_pkg/msg/mask_detection__type_support.cpp.o[0m
[ 38%] [32mBuilding CXX object CMakeFiles/interfaces_pkg__rosidl_typesupport_c.dir/rosidl_typesupport_c/interfaces_pkg/msg/list_of_mask_detections__type_support.cpp.o[0m
[ 39%] [32mBuilding C object CMakeFiles/interfaces_pkg__rosidl_typesupport_introspection_c.dir/rosidl_typesupport_introspection_c/interfaces_pkg/msg/detail/detected_object__type_support.c.o[0m
[ 40%] [32mBuilding CXX object CMakeFiles/interfaces_pkg__rosidl_typesupport_c.dir/rosidl_typesupport_c/interfaces_pkg/msg/tracking_mask__type_support.cpp.o[0m
[ 42%] [32mBuilding CXX object CMakeFiles/interfaces_pkg__rosidl_typesupport_fastrtps_c.dir/rosidl_typesupport_fastrtps_c/interfaces_pkg/msg/detail/detected_object__type_support_c.cpp.o[0m
[ 45%] [32mBuilding C object CMakeFiles/interfaces_pkg__rosidl_typesupport_introspection_c.dir/rosidl_typesupport_introspection_c/interfaces_pkg/msg/detail/yolov8_objects__type_support.c.o[0m
[ 45%] [32mBuilding CXX object CMakeFiles/interfaces_pkg__rosidl_typesupport_c.dir/rosidl_typesupport_c/interfaces_pkg/msg/list_of_tracking_masks__type_support.cpp.o[0m
[ 46%] [32mBuilding CXX object CMakeFiles/interfaces_pkg__rosidl_typesupport_cpp.dir/rosidl_typesupport_cpp/interfaces_pkg/msg/tracking_mask__type_support.cpp.o[0m
[ 47%] [32m[1mLinking CXX shared library libinterfaces_pkg__rosidl_typesupport_c.so[0m
[ 49%] [32mBuilding C object CMakeFiles/interfaces_pkg__rosidl_typesupport_introspection_c.dir/rosidl_typesupport_introspection_c/interfaces_pkg/msg/detail/mask_detection__type_support.c.o[0m
[ 50%] [32mBuilding C object CMakeFiles/interfaces_pkg__rosidl_typesupport_introspection_c.dir/rosidl_typesupport_introspection_c/interfaces_pkg/msg/detail/list_of_mask_detections__type_support.c.o[0m
[ 52%] [32mBuilding CXX object CMakeFiles/interfaces_pkg__rosidl_typesupport_cpp.dir/rosidl_typesupport_cpp/interfaces_pkg/msg/list_of_tracking_masks__type_support.cpp.o[0m
[ 52%] Built target interfaces_pkg__rosidl_typesupport_c
[ 53%] [32mBuilding CXX object CMakeFiles/interfaces_pkg__rosidl_typesupport_introspection_cpp.dir/rosidl_typesupport_introspection_cpp/interfaces_pkg/msg/detail/yolov8_objects__type_support.cpp.o[0m
[ 54%] [32mBuilding CXX object CMakeFiles/interfaces_pkg__rosidl_typesupport_fastrtps_c.dir/rosidl_typesupport_fastrtps_c/interfaces_pkg/msg/detail/yolov8_objects__type_support_c.cpp.o[0m
[ 56%] [32mBuilding C object CMakeFiles/interfaces_pkg__rosidl_typesupport_introspection_c.dir/rosidl_typesupport_introspection_c/interfaces_pkg/msg/detail/tracking_mask__type_support.c.o[0m
[ 57%] [32mBuilding C object CMakeFiles/interfaces_pkg__rosidl_typesupport_introspection_c.dir/rosidl_typesupport_introspection_c/interfaces_pkg/msg/detail/list_of_tracking_masks__type_support.c.o[0m
[ 59%] [32mBuilding CXX object CMakeFiles/interfaces_pkg__rosidl_typesupport_introspection_cpp.dir/rosidl_typesupport_introspection_cpp/interfaces_pkg/msg/detail/mask_detection__type_support.cpp.o[0m
[ 60%] [32mBuilding CXX object CMakeFiles/interfaces_pkg__rosidl_typesupport_fastrtps_cpp.dir/rosidl_typesupport_fastrtps_cpp/interfaces_pkg/msg/detail/dds_fastrtps/list_of_mask_detections__type_support.cpp.o[0m
[ 61%] [32m[1mLinking C shared library libinterfaces_pkg__rosidl_typesupport_introspection_c.so[0m
[ 63%] [32mBuilding CXX object CMakeFiles/interfaces_pkg__rosidl_typesupport_introspection_cpp.dir/rosidl_typesupport_introspection_cpp/interfaces_pkg/msg/detail/list_of_mask_detections__type_support.cpp.o[0m
[ 64%] [32mBuilding CXX object CMakeFiles/interfaces_pkg__rosidl_typesupport_fastrtps_c.dir/rosidl_typesupport_fastrtps_c/interfaces_pkg/msg/detail/mask_detection__type_support_c.cpp.o[0m
[ 64%] Built target interfaces_pkg__rosidl_typesupport_introspection_c
[ 66%] [32m[1mLinking CXX shared library libinterfaces_pkg__rosidl_typesupport_cpp.so[0m
[ 67%] [32mBuilding CXX object CMakeFiles/interfaces_pkg__rosidl_typesupport_fastrtps_cpp.dir/rosidl_typesupport_fastrtps_cpp/interfaces_pkg/msg/detail/dds_fastrtps/tracking_mask__type_support.cpp.o[0m
[ 67%] Built target interfaces_pkg__rosidl_typesupport_cpp
[ 69%] [32mBuilding CXX object CMakeFiles/interfaces_pkg__rosidl_typesupport_fastrtps_c.dir/rosidl_typesupport_fastrtps_c/interfaces_pkg/msg/detail/list_of_mask_detections__type_support_c.cpp.o[0m
[ 70%] [32mBuilding CXX object CMakeFiles/interfaces_pkg__rosidl_typesupport_introspection_cpp.dir/rosidl_typesupport_introspection_cpp/interfaces_pkg/msg/detail/tracking_mask__type_support.cpp.o[0m
[ 71%] [32mBuilding CXX object CMakeFiles/interfaces_pkg__rosidl_typesupport_fastrtps_cpp.dir/rosidl_typesupport_fastrtps_cpp/interfaces_pkg/msg/detail/dds_fastrtps/list_of_tracking_masks__type_support.cpp.o[0m
[ 73%] [32mBuilding CXX object CMakeFiles/interfaces_pkg__rosidl_typesupport_fastrtps_c.dir/rosidl_typesupport_fastrtps_c/interfaces_pkg/msg/detail/tracking_mask__type_support_c.cpp.o[0m
[ 74%] [32mBuilding CXX object CMakeFiles/interfaces_pkg__rosidl_typesupport_fastrtps_c.dir/rosidl_typesupport_fastrtps_c/interfaces_pkg/msg/detail/list_of_tracking_masks__type_support_c.cpp.o[0m
[ 76%] [32mBuilding CXX object CMakeFiles/interfaces_pkg__rosidl_typesupport_introspection_cpp.dir/rosidl_typesupport_introspection_cpp/interfaces_pkg/msg/detail/list_of_tracking_masks__type_support.cpp.o[0m
[ 77%] [32m[1mLinking CXX shared library libinterfaces_pkg__rosidl_typesupport_fastrtps_cpp.so[0m
[ 78%] [32m[1mLinking CXX shared library libinterfaces_pkg__rosidl_typesupport_fastrtps_c.so[0m
[ 78%] Built target interfaces_pkg__rosidl_typesupport_fastrtps_cpp
[ 78%] Built target interfaces_pkg__rosidl_typesupport_fastrtps_c
[ 80%] [32m[1mLinking CXX shared library libinterfaces_pkg__rosidl_typesupport_introspection_cpp.so[0m
[ 80%] Built target interfaces_pkg__rosidl_typesupport_introspection_cpp
[ 80%] Built target interfaces_pkg
[ 81%] [34m[1mGenerating Python code for ROS interfaces[0m
[ 81%] Built target interfaces_pkg__py
[ 83%] [32mBuilding C object CMakeFiles/interfaces_pkg__rosidl_generator_py.dir/rosidl_generator_py/interfaces_pkg/msg/_list_of_mask_detections_s.c.o[0m
[ 84%] [32mBuilding C object CMakeFiles/interfaces_pkg__rosidl_generator_py.dir/rosidl_generator_py/interfaces_pkg/msg/_tracking_mask_s.c.o[0m
[ 85%] [32mBuilding C object CMakeFiles/interfaces_pkg__rosidl_generator_py.dir/rosidl_generator_py/interfaces_pkg/msg/_detected_object_s.c.o[0m
[ 87%] [32mBuilding C object CMakeFiles/interfaces_pkg__rosidl_generator_py.dir/rosidl_generator_py/interfaces_pkg/msg/_yolov8_objects_s.c.o[0m
[ 88%] [32mBuilding C object CMakeFiles/interfaces_pkg__rosidl_generator_py.dir/rosidl_generator_py/interfaces_pkg/msg/_mask_detection_s.c.o[0m
[ 90%] [32mBuilding C object CMakeFiles/interfaces_pkg__rosidl_generator_py.dir/rosidl_generator_py/interfaces_pkg/msg/_list_of_tracking_masks_s.c.o[0m
[ 91%] [32m[1mLinking C shared library rosidl_generator_py/interfaces_pkg/libinterfaces_pkg__rosidl_generator_py.so[0m
[ 91%] Built target interfaces_pkg__rosidl_generator_py
[ 94%] [32mBuilding C object CMakeFiles/interfaces_pkg__rosidl_typesupport_introspection_c__pyext.dir/rosidl_generator_py/interfaces_pkg/_interfaces_pkg_s.ep.rosidl_typesupport_introspection_c.c.o[0m
[ 94%] [32mBuilding C object CMakeFiles/interfaces_pkg__rosidl_typesupport_fastrtps_c__pyext.dir/rosidl_generator_py/interfaces_pkg/_interfaces_pkg_s.ep.rosidl_typesupport_fastrtps_c.c.o[0m
[ 95%] [32mBuilding C object CMakeFiles/interfaces_pkg__rosidl_typesupport_c__pyext.dir/rosidl_generator_py/interfaces_pkg/_interfaces_pkg_s.ep.rosidl_typesupport_c.c.o[0m
[100%] [32m[1mLinking C shared library rosidl_generator_py/interfaces_pkg/interfaces_pkg_s__rosidl_typesupport_c.cpython-310-x86_64-linux-gnu.so[0m
[100%] [32m[1mLinking C shared library rosidl_generator_py/interfaces_pkg/interfaces_pkg_s__rosidl_typesupport_introspection_c.cpython-310-x86_64-linux-gnu.so[0m
[100%] [32m[1mLinking C shared library rosidl_generator_py/interfaces_pkg/interfaces_pkg_s__rosidl_typesupport_fastrtps_c.cpython-310-x86_64-linux-gnu.so[0m
[100%] Built target interfaces_pkg__rosidl_typesupport_introspection_c__pyext
[100%] Built target interfaces_pkg__rosidl_typesupport_c__pyext
[100%] Built target interfaces_pkg__rosidl_typesupport_fastrtps_c__pyext
-- Install configuration: ""
-- Execute custom install script
-- Symlinking: /home/bruno/umib_sam2_yolov8_ros2_ws/install/interfaces_pkg/share/ament_index/resource_index/rosidl_interfaces/interfaces_pkg
-- Symlinking: /home/bruno/umib_sam2_yolov8_ros2_ws/install/interfaces_pkg/include/interfaces_pkg/interfaces_pkg/msg/detail/detected_object__functions.h
-- Symlinking: /home/bruno/umib_sam2_yolov8_ros2_ws/install/interfaces_pkg/include/interfaces_pkg/interfaces_pkg/msg/detail/detected_object__struct.h
-- Symlinking: /home/bruno/umib_sam2_yolov8_ros2_ws/install/interfaces_pkg/include/interfaces_pkg/interfaces_pkg/msg/detail/detected_object__type_support.h
-- Symlinking: /home/bruno/umib_sam2_yolov8_ros2_ws/install/interfaces_pkg/include/interfaces_pkg/interfaces_pkg/msg/detail/list_of_mask_detections__functions.h
-- Symlinking: /home/bruno/umib_sam2_yolov8_ros2_ws/install/interfaces_pkg/include/interfaces_pkg/interfaces_pkg/msg/detail/list_of_mask_detections__struct.h
-- Symlinking: /home/bruno/umib_sam2_yolov8_ros2_ws/install/interfaces_pkg/include/interfaces_pkg/interfaces_pkg/msg/detail/list_of_mask_detections__type_support.h
-- Symlinking: /home/bruno/umib_sam2_yolov8_ros2_ws/install/interfaces_pkg/include/interfaces_pkg/interfaces_pkg/msg/detail/list_of_tracking_masks__functions.h
-- Symlinking: /home/bruno/umib_sam2_yolov8_ros2_ws/install/interfaces_pkg/include/interfaces_pkg/interfaces_pkg/msg/detail/list_of_tracking_masks__struct.h
-- Symlinking: /home/bruno/umib_sam2_yolov8_ros2_ws/install/interfaces_pkg/include/interfaces_pkg/interfaces_pkg/msg/detail/list_of_tracking_masks__type_support.h
-- Symlinking: /home/bruno/umib_sam2_yolov8_ros2_ws/install/interfaces_pkg/include/interfaces_pkg/interfaces_pkg/msg/detail/mask_detection__functions.h
-- Symlinking: /home/bruno/umib_sam2_yolov8_ros2_ws/install/interfaces_pkg/include/interfaces_pkg/interfaces_pkg/msg/detail/mask_detection__struct.h
-- Symlinking: /home/bruno/umib_sam2_yolov8_ros2_ws/install/interfaces_pkg/include/interfaces_pkg/interfaces_pkg/msg/detail/mask_detection__type_support.h
-- Symlinking: /home/bruno/umib_sam2_yolov8_ros2_ws/install/interfaces_pkg/include/interfaces_pkg/interfaces_pkg/msg/detail/tracking_mask__functions.h
-- Symlinking: /home/bruno/umib_sam2_yolov8_ros2_ws/install/interfaces_pkg/include/interfaces_pkg/interfaces_pkg/msg/detail/tracking_mask__struct.h
-- Symlinking: /home/bruno/umib_sam2_yolov8_ros2_ws/install/interfaces_pkg/include/interfaces_pkg/interfaces_pkg/msg/detail/tracking_mask__type_support.h
-- Symlinking: /home/bruno/umib_sam2_yolov8_ros2_ws/install/interfaces_pkg/include/interfaces_pkg/interfaces_pkg/msg/detail/yolov8_objects__functions.h
-- Symlinking: /home/bruno/umib_sam2_yolov8_ros2_ws/install/interfaces_pkg/include/interfaces_pkg/interfaces_pkg/msg/detail/yolov8_objects__struct.h
-- Symlinking: /home/bruno/umib_sam2_yolov8_ros2_ws/install/interfaces_pkg/include/interfaces_pkg/interfaces_pkg/msg/detail/yolov8_objects__type_support.h
-- Symlinking: /home/bruno/umib_sam2_yolov8_ros2_ws/install/interfaces_pkg/include/interfaces_pkg/interfaces_pkg/msg/detected_object.h
-- Symlinking: /home/bruno/umib_sam2_yolov8_ros2_ws/install/interfaces_pkg/include/interfaces_pkg/interfaces_pkg/msg/list_of_mask_detections.h
-- Symlinking: /home/bruno/umib_sam2_yolov8_ros2_ws/install/interfaces_pkg/include/interfaces_pkg/interfaces_pkg/msg/list_of_tracking_masks.h
-- Symlinking: /home/bruno/umib_sam2_yolov8_ros2_ws/install/interfaces_pkg/include/interfaces_pkg/interfaces_pkg/msg/mask_detection.h
-- Symlinking: /home/bruno/umib_sam2_yolov8_ros2_ws/install/interfaces_pkg/include/interfaces_pkg/interfaces_pkg/msg/rosidl_generator_c__visibility_control.h
-- Symlinking: /home/bruno/umib_sam2_yolov8_ros2_ws/install/interfaces_pkg/include/interfaces_pkg/interfaces_pkg/msg/tracking_mask.h
-- Symlinking: /home/bruno/umib_sam2_yolov8_ros2_ws/install/interfaces_pkg/include/interfaces_pkg/interfaces_pkg/msg/yolov8_objects.h
-- Symlinking: /home/bruno/umib_sam2_yolov8_ros2_ws/install/interfaces_pkg/share/interfaces_pkg/environment/library_path.sh
-- Symlinking: /home/bruno/umib_sam2_yolov8_ros2_ws/install/interfaces_pkg/share/interfaces_pkg/environment/library_path.dsv
-- Symlinking: /home/bruno/umib_sam2_yolov8_ros2_ws/install/interfaces_pkg/include/interfaces_pkg/interfaces_pkg/msg/detail/detected_object__rosidl_typesupport_fastrtps_c.h
-- Symlinking: /home/bruno/umib_sam2_yolov8_ros2_ws/install/interfaces_pkg/include/interfaces_pkg/interfaces_pkg/msg/detail/list_of_mask_detections__rosidl_typesupport_fastrtps_c.h
-- Symlinking: /home/bruno/umib_sam2_yolov8_ros2_ws/install/interfaces_pkg/include/interfaces_pkg/interfaces_pkg/msg/detail/list_of_tracking_masks__rosidl_typesupport_fastrtps_c.h
-- Symlinking: /home/bruno/umib_sam2_yolov8_ros2_ws/install/interfaces_pkg/include/interfaces_pkg/interfaces_pkg/msg/detail/mask_detection__rosidl_typesupport_fastrtps_c.h
-- Symlinking: /home/bruno/umib_sam2_yolov8_ros2_ws/install/interfaces_pkg/include/interfaces_pkg/interfaces_pkg/msg/detail/tracking_mask__rosidl_typesupport_fastrtps_c.h
-- Symlinking: /home/bruno/umib_sam2_yolov8_ros2_ws/install/interfaces_pkg/include/interfaces_pkg/interfaces_pkg/msg/detail/yolov8_objects__rosidl_typesupport_fastrtps_c.h
-- Symlinking: /home/bruno/umib_sam2_yolov8_ros2_ws/install/interfaces_pkg/include/interfaces_pkg/interfaces_pkg/msg/rosidl_typesupport_fastrtps_c__visibility_control.h
-- Symlinking: /home/bruno/umib_sam2_yolov8_ros2_ws/install/interfaces_pkg/include/interfaces_pkg/interfaces_pkg/msg/detail/detected_object__rosidl_typesupport_introspection_c.h
-- Symlinking: /home/bruno/umib_sam2_yolov8_ros2_ws/install/interfaces_pkg/include/interfaces_pkg/interfaces_pkg/msg/detail/list_of_mask_detections__rosidl_typesupport_introspection_c.h
-- Symlinking: /home/bruno/umib_sam2_yolov8_ros2_ws/install/interfaces_pkg/include/interfaces_pkg/interfaces_pkg/msg/detail/list_of_tracking_masks__rosidl_typesupport_introspection_c.h
-- Symlinking: /home/bruno/umib_sam2_yolov8_ros2_ws/install/interfaces_pkg/include/interfaces_pkg/interfaces_pkg/msg/detail/mask_detection__rosidl_typesupport_introspection_c.h
-- Symlinking: /home/bruno/umib_sam2_yolov8_ros2_ws/install/interfaces_pkg/include/interfaces_pkg/interfaces_pkg/msg/detail/tracking_mask__rosidl_typesupport_introspection_c.h
-- Symlinking: /home/bruno/umib_sam2_yolov8_ros2_ws/install/interfaces_pkg/include/interfaces_pkg/interfaces_pkg/msg/detail/yolov8_objects__rosidl_typesupport_introspection_c.h
-- Symlinking: /home/bruno/umib_sam2_yolov8_ros2_ws/install/interfaces_pkg/include/interfaces_pkg/interfaces_pkg/msg/rosidl_typesupport_introspection_c__visibility_control.h
-- Symlinking: /home/bruno/umib_sam2_yolov8_ros2_ws/install/interfaces_pkg/include/interfaces_pkg/interfaces_pkg/msg/detail/detected_object__builder.hpp
-- Symlinking: /home/bruno/umib_sam2_yolov8_ros2_ws/install/interfaces_pkg/include/interfaces_pkg/interfaces_pkg/msg/detail/detected_object__struct.hpp
-- Symlinking: /home/bruno/umib_sam2_yolov8_ros2_ws/install/interfaces_pkg/include/interfaces_pkg/interfaces_pkg/msg/detail/detected_object__traits.hpp
-- Symlinking: /home/bruno/umib_sam2_yolov8_ros2_ws/install/interfaces_pkg/include/interfaces_pkg/interfaces_pkg/msg/detail/list_of_mask_detections__builder.hpp
-- Symlinking: /home/bruno/umib_sam2_yolov8_ros2_ws/install/interfaces_pkg/include/interfaces_pkg/interfaces_pkg/msg/detail/list_of_mask_detections__struct.hpp
-- Symlinking: /home/bruno/umib_sam2_yolov8_ros2_ws/install/interfaces_pkg/include/interfaces_pkg/interfaces_pkg/msg/detail/list_of_mask_detections__traits.hpp
-- Symlinking: /home/bruno/umib_sam2_yolov8_ros2_ws/install/interfaces_pkg/include/interfaces_pkg/interfaces_pkg/msg/detail/list_of_tracking_masks__builder.hpp
-- Symlinking: /home/bruno/umib_sam2_yolov8_ros2_ws/install/interfaces_pkg/include/interfaces_pkg/interfaces_pkg/msg/detail/list_of_tracking_masks__struct.hpp
-- Symlinking: /home/bruno/umib_sam2_yolov8_ros2_ws/install/interfaces_pkg/include/interfaces_pkg/interfaces_pkg/msg/detail/list_of_tracking_masks__traits.hpp
-- Symlinking: /home/bruno/umib_sam2_yolov8_ros2_ws/install/interfaces_pkg/include/interfaces_pkg/interfaces_pkg/msg/detail/mask_detection__builder.hpp
-- Symlinking: /home/bruno/umib_sam2_yolov8_ros2_ws/install/interfaces_pkg/include/interfaces_pkg/interfaces_pkg/msg/detail/mask_detection__struct.hpp
-- Symlinking: /home/bruno/umib_sam2_yolov8_ros2_ws/install/interfaces_pkg/include/interfaces_pkg/interfaces_pkg/msg/detail/mask_detection__traits.hpp
-- Symlinking: /home/bruno/umib_sam2_yolov8_ros2_ws/install/interfaces_pkg/include/interfaces_pkg/interfaces_pkg/msg/detail/tracking_mask__builder.hpp
-- Symlinking: /home/bruno/umib_sam2_yolov8_ros2_ws/install/interfaces_pkg/include/interfaces_pkg/interfaces_pkg/msg/detail/tracking_mask__struct.hpp
-- Symlinking: /home/bruno/umib_sam2_yolov8_ros2_ws/install/interfaces_pkg/include/interfaces_pkg/interfaces_pkg/msg/detail/tracking_mask__traits.hpp
-- Symlinking: /home/bruno/umib_sam2_yolov8_ros2_ws/install/interfaces_pkg/include/interfaces_pkg/interfaces_pkg/msg/detail/yolov8_objects__builder.hpp
-- Symlinking: /home/bruno/umib_sam2_yolov8_ros2_ws/install/interfaces_pkg/include/interfaces_pkg/interfaces_pkg/msg/detail/yolov8_objects__struct.hpp
-- Symlinking: /home/bruno/umib_sam2_yolov8_ros2_ws/install/interfaces_pkg/include/interfaces_pkg/interfaces_pkg/msg/detail/yolov8_objects__traits.hpp
-- Symlinking: /home/bruno/umib_sam2_yolov8_ros2_ws/install/interfaces_pkg/include/interfaces_pkg/interfaces_pkg/msg/detected_object.hpp
-- Symlinking: /home/bruno/umib_sam2_yolov8_ros2_ws/install/interfaces_pkg/include/interfaces_pkg/interfaces_pkg/msg/list_of_mask_detections.hpp
-- Symlinking: /home/bruno/umib_sam2_yolov8_ros2_ws/install/interfaces_pkg/include/interfaces_pkg/interfaces_pkg/msg/list_of_tracking_masks.hpp
-- Symlinking: /home/bruno/umib_sam2_yolov8_ros2_ws/install/interfaces_pkg/include/interfaces_pkg/interfaces_pkg/msg/mask_detection.hpp
-- Symlinking: /home/bruno/umib_sam2_yolov8_ros2_ws/install/interfaces_pkg/include/interfaces_pkg/interfaces_pkg/msg/tracking_mask.hpp
-- Symlinking: /home/bruno/umib_sam2_yolov8_ros2_ws/install/interfaces_pkg/include/interfaces_pkg/interfaces_pkg/msg/yolov8_objects.hpp
-- Symlinking: /home/bruno/umib_sam2_yolov8_ros2_ws/install/interfaces_pkg/include/interfaces_pkg/interfaces_pkg/msg/detail/detected_object__rosidl_typesupport_fastrtps_cpp.hpp
-- Symlinking: /home/bruno/umib_sam2_yolov8_ros2_ws/install/interfaces_pkg/include/interfaces_pkg/interfaces_pkg/msg/detail/list_of_mask_detections__rosidl_typesupport_fastrtps_cpp.hpp
-- Symlinking: /home/bruno/umib_sam2_yolov8_ros2_ws/install/interfaces_pkg/include/interfaces_pkg/interfaces_pkg/msg/detail/list_of_tracking_masks__rosidl_typesupport_fastrtps_cpp.hpp
-- Symlinking: /home/bruno/umib_sam2_yolov8_ros2_ws/install/interfaces_pkg/include/interfaces_pkg/interfaces_pkg/msg/detail/mask_detection__rosidl_typesupport_fastrtps_cpp.hpp
-- Symlinking: /home/bruno/umib_sam2_yolov8_ros2_ws/install/interfaces_pkg/include/interfaces_pkg/interfaces_pkg/msg/detail/tracking_mask__rosidl_typesupport_fastrtps_cpp.hpp
-- Symlinking: /home/bruno/umib_sam2_yolov8_ros2_ws/install/interfaces_pkg/include/interfaces_pkg/interfaces_pkg/msg/detail/yolov8_objects__rosidl_typesupport_fastrtps_cpp.hpp
-- Symlinking: /home/bruno/umib_sam2_yolov8_ros2_ws/install/interfaces_pkg/include/interfaces_pkg/interfaces_pkg/msg/rosidl_typesupport_fastrtps_cpp__visibility_control.h
-- Symlinking: /home/bruno/umib_sam2_yolov8_ros2_ws/install/interfaces_pkg/include/interfaces_pkg/interfaces_pkg/msg/detail/detected_object__rosidl_typesupport_introspection_cpp.hpp
-- Symlinking: /home/bruno/umib_sam2_yolov8_ros2_ws/install/interfaces_pkg/include/interfaces_pkg/interfaces_pkg/msg/detail/list_of_mask_detections__rosidl_typesupport_introspection_cpp.hpp
-- Symlinking: /home/bruno/umib_sam2_yolov8_ros2_ws/install/interfaces_pkg/include/interfaces_pkg/interfaces_pkg/msg/detail/list_of_tracking_masks__rosidl_typesupport_introspection_cpp.hpp
-- Symlinking: /home/bruno/umib_sam2_yolov8_ros2_ws/install/interfaces_pkg/include/interfaces_pkg/interfaces_pkg/msg/detail/mask_detection__rosidl_typesupport_introspection_cpp.hpp
-- Symlinking: /home/bruno/umib_sam2_yolov8_ros2_ws/install/interfaces_pkg/include/interfaces_pkg/interfaces_pkg/msg/detail/tracking_mask__rosidl_typesupport_introspection_cpp.hpp
-- Symlinking: /home/bruno/umib_sam2_yolov8_ros2_ws/install/interfaces_pkg/include/interfaces_pkg/interfaces_pkg/msg/detail/yolov8_objects__rosidl_typesupport_introspection_cpp.hpp
-- Symlinking: /home/bruno/umib_sam2_yolov8_ros2_ws/install/interfaces_pkg/share/interfaces_pkg/environment/pythonpath.sh
-- Symlinking: /home/bruno/umib_sam2_yolov8_ros2_ws/install/interfaces_pkg/share/interfaces_pkg/environment/pythonpath.dsv
-- Symlinking: /home/bruno/umib_sam2_yolov8_ros2_ws/install/interfaces_pkg/local/lib/python3.10/dist-packages/interfaces_pkg-0.0.0-py3.10.egg-info/PKG-INFO
-- Symlinking: /home/bruno/umib_sam2_yolov8_ros2_ws/install/interfaces_pkg/local/lib/python3.10/dist-packages/interfaces_pkg-0.0.0-py3.10.egg-info/SOURCES.txt
-- Symlinking: /home/bruno/umib_sam2_yolov8_ros2_ws/install/interfaces_pkg/local/lib/python3.10/dist-packages/interfaces_pkg-0.0.0-py3.10.egg-info/dependency_links.txt
-- Symlinking: /home/bruno/umib_sam2_yolov8_ros2_ws/install/interfaces_pkg/local/lib/python3.10/dist-packages/interfaces_pkg-0.0.0-py3.10.egg-info/top_level.txt
-- Symlinking: /home/bruno/umib_sam2_yolov8_ros2_ws/install/interfaces_pkg/local/lib/python3.10/dist-packages/interfaces_pkg/__init__.py
-- Symlinking: /home/bruno/umib_sam2_yolov8_ros2_ws/install/interfaces_pkg/local/lib/python3.10/dist-packages/interfaces_pkg/_interfaces_pkg_s.ep.rosidl_typesupport_c.c
-- Symlinking: /home/bruno/umib_sam2_yolov8_ros2_ws/install/interfaces_pkg/local/lib/python3.10/dist-packages/interfaces_pkg/_interfaces_pkg_s.ep.rosidl_typesupport_fastrtps_c.c
-- Symlinking: /home/bruno/umib_sam2_yolov8_ros2_ws/install/interfaces_pkg/local/lib/python3.10/dist-packages/interfaces_pkg/_interfaces_pkg_s.ep.rosidl_typesupport_introspection_c.c
-- Symlinking: /home/bruno/umib_sam2_yolov8_ros2_ws/install/interfaces_pkg/local/lib/python3.10/dist-packages/interfaces_pkg/interfaces_pkg_s__rosidl_typesupport_c.cpython-310-x86_64-linux-gnu.so
-- Symlinking: /home/bruno/umib_sam2_yolov8_ros2_ws/install/interfaces_pkg/local/lib/python3.10/dist-packages/interfaces_pkg/interfaces_pkg_s__rosidl_typesupport_fastrtps_c.cpython-310-x86_64-linux-gnu.so
-- Symlinking: /home/bruno/umib_sam2_yolov8_ros2_ws/install/interfaces_pkg/local/lib/python3.10/dist-packages/interfaces_pkg/interfaces_pkg_s__rosidl_typesupport_introspection_c.cpython-310-x86_64-linux-gnu.so
-- Symlinking: /home/bruno/umib_sam2_yolov8_ros2_ws/install/interfaces_pkg/local/lib/python3.10/dist-packages/interfaces_pkg/libinterfaces_pkg__rosidl_generator_py.so
-- Symlinking: /home/bruno/umib_sam2_yolov8_ros2_ws/install/interfaces_pkg/local/lib/python3.10/dist-packages/interfaces_pkg/msg/__init__.py
-- Symlinking: /home/bruno/umib_sam2_yolov8_ros2_ws/install/interfaces_pkg/local/lib/python3.10/dist-packages/interfaces_pkg/msg/_detected_object.py
-- Symlinking: /home/bruno/umib_sam2_yolov8_ros2_ws/install/interfaces_pkg/local/lib/python3.10/dist-packages/interfaces_pkg/msg/_detected_object_s.c
-- Symlinking: /home/bruno/umib_sam2_yolov8_ros2_ws/install/interfaces_pkg/local/lib/python3.10/dist-packages/interfaces_pkg/msg/_list_of_mask_detections.py
-- Symlinking: /home/bruno/umib_sam2_yolov8_ros2_ws/install/interfaces_pkg/local/lib/python3.10/dist-packages/interfaces_pkg/msg/_list_of_mask_detections_s.c
-- Symlinking: /home/bruno/umib_sam2_yolov8_ros2_ws/install/interfaces_pkg/local/lib/python3.10/dist-packages/interfaces_pkg/msg/_list_of_tracking_masks.py
-- Symlinking: /home/bruno/umib_sam2_yolov8_ros2_ws/install/interfaces_pkg/local/lib/python3.10/dist-packages/interfaces_pkg/msg/_list_of_tracking_masks_s.c
-- Symlinking: /home/bruno/umib_sam2_yolov8_ros2_ws/install/interfaces_pkg/local/lib/python3.10/dist-packages/interfaces_pkg/msg/_mask_detection.py
-- Symlinking: /home/bruno/umib_sam2_yolov8_ros2_ws/install/interfaces_pkg/local/lib/python3.10/dist-packages/interfaces_pkg/msg/_mask_detection_s.c
-- Symlinking: /home/bruno/umib_sam2_yolov8_ros2_ws/install/interfaces_pkg/local/lib/python3.10/dist-packages/interfaces_pkg/msg/_tracking_mask.py
-- Symlinking: /home/bruno/umib_sam2_yolov8_ros2_ws/install/interfaces_pkg/local/lib/python3.10/dist-packages/interfaces_pkg/msg/_tracking_mask_s.c
-- Symlinking: /home/bruno/umib_sam2_yolov8_ros2_ws/install/interfaces_pkg/local/lib/python3.10/dist-packages/interfaces_pkg/msg/_yolov8_objects.py
-- Symlinking: /home/bruno/umib_sam2_yolov8_ros2_ws/install/interfaces_pkg/local/lib/python3.10/dist-packages/interfaces_pkg/msg/_yolov8_objects_s.c
-- Up-to-date symlink: /home/bruno/umib_sam2_yolov8_ros2_ws/install/interfaces_pkg/local/lib/python3.10/dist-packages/interfaces_pkg/interfaces_pkg_s__rosidl_typesupport_fastrtps_c.cpython-310-x86_64-linux-gnu.so
-- Up-to-date symlink: /home/bruno/umib_sam2_yolov8_ros2_ws/install/interfaces_pkg/local/lib/python3.10/dist-packages/interfaces_pkg/interfaces_pkg_s__rosidl_typesupport_introspection_c.cpython-310-x86_64-linux-gnu.so
-- Up-to-date symlink: /home/bruno/umib_sam2_yolov8_ros2_ws/install/interfaces_pkg/local/lib/python3.10/dist-packages/interfaces_pkg/interfaces_pkg_s__rosidl_typesupport_c.cpython-310-x86_64-linux-gnu.so
-- Symlinking: /home/bruno/umib_sam2_yolov8_ros2_ws/install/interfaces_pkg/share/interfaces_pkg/msg/DetectedObject.idl
-- Symlinking: /home/bruno/umib_sam2_yolov8_ros2_ws/install/interfaces_pkg/share/interfaces_pkg/msg/Yolov8Objects.idl
-- Symlinking: /home/bruno/umib_sam2_yolov8_ros2_ws/install/interfaces_pkg/share/interfaces_pkg/msg/MaskDetection.idl
-- Symlinking: /home/bruno/umib_sam2_yolov8_ros2_ws/install/interfaces_pkg/share/interfaces_pkg/msg/ListOfMaskDetections.idl
-- Symlinking: /home/bruno/umib_sam2_yolov8_ros2_ws/install/interfaces_pkg/share/interfaces_pkg/msg/TrackingMask.idl
-- Symlinking: /home/bruno/umib_sam2_yolov8_ros2_ws/install/interfaces_pkg/share/interfaces_pkg/msg/ListOfTrackingMasks.idl
-- Symlinking: /home/bruno/umib_sam2_yolov8_ros2_ws/install/interfaces_pkg/share/interfaces_pkg/msg/DetectedObject.msg
-- Symlinking: /home/bruno/umib_sam2_yolov8_ros2_ws/install/interfaces_pkg/share/interfaces_pkg/msg/Yolov8Objects.msg
-- Symlinking: /home/bruno/umib_sam2_yolov8_ros2_ws/install/interfaces_pkg/share/interfaces_pkg/msg/MaskDetection.msg
-- Symlinking: /home/bruno/umib_sam2_yolov8_ros2_ws/install/interfaces_pkg/share/interfaces_pkg/msg/ListOfMaskDetections.msg
-- Symlinking: /home/bruno/umib_sam2_yolov8_ros2_ws/install/interfaces_pkg/share/interfaces_pkg/msg/TrackingMask.msg
-- Symlinking: /home/bruno/umib_sam2_yolov8_ros2_ws/install/interfaces_pkg/share/interfaces_pkg/msg/ListOfTrackingMasks.msg
-- Symlinking: /home/bruno/umib_sam2_yolov8_ros2_ws/install/interfaces_pkg/share/ament_index/resource_index/package_run_dependencies/interfaces_pkg
-- Symlinking: /home/bruno/umib_sam2_yolov8_ros2_ws/install/interfaces_pkg/share/ament_index/resource_index/parent_prefix_path/interfaces_pkg
-- Symlinking: /home/bruno/umib_sam2_yolov8_ros2_ws/install/interfaces_pkg/share/interfaces_pkg/environment/ament_prefix_path.sh
-- Symlinking: /home/bruno/umib_sam2_yolov8_ros2_ws/install/interfaces_pkg/share/interfaces_pkg/environment/ament_prefix_path.dsv
-- Symlinking: /home/bruno/umib_sam2_yolov8_ros2_ws/install/interfaces_pkg/share/interfaces_pkg/environment/path.sh
-- Symlinking: /home/bruno/umib_sam2_yolov8_ros2_ws/install/interfaces_pkg/share/interfaces_pkg/environment/path.dsv
-- Symlinking: /home/bruno/umib_sam2_yolov8_ros2_ws/install/interfaces_pkg/share/interfaces_pkg/local_setup.bash
-- Symlinking: /home/bruno/umib_sam2_yolov8_ros2_ws/install/interfaces_pkg/share/interfaces_pkg/local_setup.sh
-- Symlinking: /home/bruno/umib_sam2_yolov8_ros2_ws/install/interfaces_pkg/share/interfaces_pkg/local_setup.zsh
-- Symlinking: /home/bruno/umib_sam2_yolov8_ros2_ws/install/interfaces_pkg/share/interfaces_pkg/local_setup.dsv
-- Symlinking: /home/bruno/umib_sam2_yolov8_ros2_ws/install/interfaces_pkg/share/interfaces_pkg/package.dsv
-- Symlinking: /home/bruno/umib_sam2_yolov8_ros2_ws/install/interfaces_pkg/share/ament_index/resource_index/packages/interfaces_pkg
-- Symlinking: /home/bruno/umib_sam2_yolov8_ros2_ws/install/interfaces_pkg/share/interfaces_pkg/cmake/rosidl_cmake-extras.cmake
-- Symlinking: /home/bruno/umib_sam2_yolov8_ros2_ws/install/interfaces_pkg/share/interfaces_pkg/cmake/ament_cmake_export_dependencies-extras.cmake
-- Symlinking: /home/bruno/umib_sam2_yolov8_ros2_ws/install/interfaces_pkg/share/interfaces_pkg/cmake/ament_cmake_export_include_directories-extras.cmake
-- Symlinking: /home/bruno/umib_sam2_yolov8_ros2_ws/install/interfaces_pkg/share/interfaces_pkg/cmake/ament_cmake_export_libraries-extras.cmake
-- Symlinking: /home/bruno/umib_sam2_yolov8_ros2_ws/install/interfaces_pkg/share/interfaces_pkg/cmake/ament_cmake_export_targets-extras.cmake
-- Symlinking: /home/bruno/umib_sam2_yolov8_ros2_ws/install/interfaces_pkg/share/interfaces_pkg/cmake/rosidl_cmake_export_typesupport_targets-extras.cmake
-- Symlinking: /home/bruno/umib_sam2_yolov8_ros2_ws/install/interfaces_pkg/share/interfaces_pkg/cmake/rosidl_cmake_export_typesupport_libraries-extras.cmake
-- Symlinking: /home/bruno/umib_sam2_yolov8_ros2_ws/install/interfaces_pkg/share/interfaces_pkg/cmake/interfaces_pkgConfig.cmake
-- Symlinking: /home/bruno/umib_sam2_yolov8_ros2_ws/install/interfaces_pkg/share/interfaces_pkg/cmake/interfaces_pkgConfig-version.cmake
-- Symlinking: /home/bruno/umib_sam2_yolov8_ros2_ws/install/interfaces_pkg/share/interfaces_pkg/package.xml
-- Installing: /home/bruno/umib_sam2_yolov8_ros2_ws/install/interfaces_pkg/lib/libinterfaces_pkg__rosidl_generator_c.so
-- Set runtime path of "/home/bruno/umib_sam2_yolov8_ros2_ws/install/interfaces_pkg/lib/libinterfaces_pkg__rosidl_generator_c.so" to ""
-- Installing: /home/bruno/umib_sam2_yolov8_ros2_ws/install/interfaces_pkg/lib/libinterfaces_pkg__rosidl_typesupport_fastrtps_c.so
-- Set runtime path of "/home/bruno/umib_sam2_yolov8_ros2_ws/install/interfaces_pkg/lib/libinterfaces_pkg__rosidl_typesupport_fastrtps_c.so" to ""
-- Installing: /home/bruno/umib_sam2_yolov8_ros2_ws/install/interfaces_pkg/lib/libinterfaces_pkg__rosidl_typesupport_introspection_c.so
-- Set runtime path of "/home/bruno/umib_sam2_yolov8_ros2_ws/install/interfaces_pkg/lib/libinterfaces_pkg__rosidl_typesupport_introspection_c.so" to ""
-- Installing: /home/bruno/umib_sam2_yolov8_ros2_ws/install/interfaces_pkg/lib/libinterfaces_pkg__rosidl_typesupport_c.so
-- Set runtime path of "/home/bruno/umib_sam2_yolov8_ros2_ws/install/interfaces_pkg/lib/libinterfaces_pkg__rosidl_typesupport_c.so" to ""
-- Installing: /home/bruno/umib_sam2_yolov8_ros2_ws/install/interfaces_pkg/lib/libinterfaces_pkg__rosidl_typesupport_fastrtps_cpp.so
-- Set runtime path of "/home/bruno/umib_sam2_yolov8_ros2_ws/install/interfaces_pkg/lib/libinterfaces_pkg__rosidl_typesupport_fastrtps_cpp.so" to ""
-- Installing: /home/bruno/umib_sam2_yolov8_ros2_ws/install/interfaces_pkg/lib/libinterfaces_pkg__rosidl_typesupport_introspection_cpp.so
-- Set runtime path of "/home/bruno/umib_sam2_yolov8_ros2_ws/install/interfaces_pkg/lib/libinterfaces_pkg__rosidl_typesupport_introspection_cpp.so" to ""
-- Installing: /home/bruno/umib_sam2_yolov8_ros2_ws/install/interfaces_pkg/lib/libinterfaces_pkg__rosidl_typesupport_cpp.so
-- Set runtime path of "/home/bruno/umib_sam2_yolov8_ros2_ws/install/interfaces_pkg/lib/libinterfaces_pkg__rosidl_typesupport_cpp.so" to ""
Listing '/home/bruno/umib_sam2_yolov8_ros2_ws/install/interfaces_pkg/local/lib/python3.10/dist-packages/interfaces_pkg'...
Compiling '/home/bruno/umib_sam2_yolov8_ros2_ws/install/interfaces_pkg/local/lib/python3.10/dist-packages/interfaces_pkg/__init__.py'...
Listing '/home/bruno/umib_sam2_yolov8_ros2_ws/install/interfaces_pkg/local/lib/python3.10/dist-packages/interfaces_pkg/msg'...
Compiling '/home/bruno/umib_sam2_yolov8_ros2_ws/install/interfaces_pkg/local/lib/python3.10/dist-packages/interfaces_pkg/msg/__init__.py'...
Compiling '/home/bruno/umib_sam2_yolov8_ros2_ws/install/interfaces_pkg/local/lib/python3.10/dist-packages/interfaces_pkg/msg/_detected_object.py'...
Compiling '/home/bruno/umib_sam2_yolov8_ros2_ws/install/interfaces_pkg/local/lib/python3.10/dist-packages/interfaces_pkg/msg/_list_of_mask_detections.py'...
Compiling '/home/bruno/umib_sam2_yolov8_ros2_ws/install/interfaces_pkg/local/lib/python3.10/dist-packages/interfaces_pkg/msg/_list_of_tracking_masks.py'...
Compiling '/home/bruno/umib_sam2_yolov8_ros2_ws/install/interfaces_pkg/local/lib/python3.10/dist-packages/interfaces_pkg/msg/_mask_detection.py'...
Compiling '/home/bruno/umib_sam2_yolov8_ros2_ws/install/interfaces_pkg/local/lib/python3.10/dist-packages/interfaces_pkg/msg/_tracking_mask.py'...
Compiling '/home/bruno/umib_sam2_yolov8_ros2_ws/install/interfaces_pkg/local/lib/python3.10/dist-packages/interfaces_pkg/msg/_yolov8_objects.py'...
-- Installing: /home/bruno/umib_sam2_yolov8_ros2_ws/install/interfaces_pkg/lib/libinterfaces_pkg__rosidl_generator_py.so
-- Set runtime path of "/home/bruno/umib_sam2_yolov8_ros2_ws/install/interfaces_pkg/lib/libinterfaces_pkg__rosidl_generator_py.so" to ""
-- Installing: /home/bruno/umib_sam2_yolov8_ros2_ws/install/interfaces_pkg/share/interfaces_pkg/cmake/export_interfaces_pkg__rosidl_generator_cExport.cmake
-- Installing: /home/bruno/umib_sam2_yolov8_ros2_ws/install/interfaces_pkg/share/interfaces_pkg/cmake/export_interfaces_pkg__rosidl_generator_cExport-noconfig.cmake
-- Installing: /home/bruno/umib_sam2_yolov8_ros2_ws/install/interfaces_pkg/share/interfaces_pkg/cmake/export_interfaces_pkg__rosidl_typesupport_fastrtps_cExport.cmake
-- Installing: /home/bruno/umib_sam2_yolov8_ros2_ws/install/interfaces_pkg/share/interfaces_pkg/cmake/export_interfaces_pkg__rosidl_typesupport_fastrtps_cExport-noconfig.cmake
-- Installing: /home/bruno/umib_sam2_yolov8_ros2_ws/install/interfaces_pkg/share/interfaces_pkg/cmake/interfaces_pkg__rosidl_typesupport_introspection_cExport.cmake
-- Installing: /home/bruno/umib_sam2_yolov8_ros2_ws/install/interfaces_pkg/share/interfaces_pkg/cmake/interfaces_pkg__rosidl_typesupport_introspection_cExport-noconfig.cmake
-- Installing: /home/bruno/umib_sam2_yolov8_ros2_ws/install/interfaces_pkg/share/interfaces_pkg/cmake/interfaces_pkg__rosidl_typesupport_cExport.cmake
-- Installing: /home/bruno/umib_sam2_yolov8_ros2_ws/install/interfaces_pkg/share/interfaces_pkg/cmake/interfaces_pkg__rosidl_typesupport_cExport-noconfig.cmake
-- Installing: /home/bruno/umib_sam2_yolov8_ros2_ws/install/interfaces_pkg/share/interfaces_pkg/cmake/export_interfaces_pkg__rosidl_generator_cppExport.cmake
-- Installing: /home/bruno/umib_sam2_yolov8_ros2_ws/install/interfaces_pkg/share/interfaces_pkg/cmake/export_interfaces_pkg__rosidl_typesupport_fastrtps_cppExport.cmake
-- Installing: /home/bruno/umib_sam2_yolov8_ros2_ws/install/interfaces_pkg/share/interfaces_pkg/cmake/export_interfaces_pkg__rosidl_typesupport_fastrtps_cppExport-noconfig.cmake
-- Installing: /home/bruno/umib_sam2_yolov8_ros2_ws/install/interfaces_pkg/share/interfaces_pkg/cmake/interfaces_pkg__rosidl_typesupport_introspection_cppExport.cmake
-- Installing: /home/bruno/umib_sam2_yolov8_ros2_ws/install/interfaces_pkg/share/interfaces_pkg/cmake/interfaces_pkg__rosidl_typesupport_introspection_cppExport-noconfig.cmake
-- Installing: /home/bruno/umib_sam2_yolov8_ros2_ws/install/interfaces_pkg/share/interfaces_pkg/cmake/interfaces_pkg__rosidl_typesupport_cppExport.cmake
-- Installing: /home/bruno/umib_sam2_yolov8_ros2_ws/install/interfaces_pkg/share/interfaces_pkg/cmake/interfaces_pkg__rosidl_typesupport_cppExport-noconfig.cmake
-- Installing: /home/bruno/umib_sam2_yolov8_ros2_ws/install/interfaces_pkg/share/interfaces_pkg/cmake/export_interfaces_pkg__rosidl_generator_pyExport.cmake
-- Installing: /home/bruno/umib_sam2_yolov8_ros2_ws/install/interfaces_pkg/share/interfaces_pkg/cmake/export_interfaces_pkg__rosidl_generator_pyExport-noconfig.cmake
