[  1%] Built target interfaces_pkg__cpp
[ 12%] Built target interfaces_pkg__rosidl_generator_c
[ 12%] Built target ament_cmake_python_symlink_interfaces_pkg
[ 23%] Built target interfaces_pkg__rosidl_typesupport_fastrtps_cpp
[ 35%] Built target interfaces_pkg__rosidl_typesupport_c
[ 66%] Built target interfaces_pkg__rosidl_typesupport_cpp
[ 67%] Built target interfaces_pkg__rosidl_typesupport_introspection_cpp
[ 69%] Built target interfaces_pkg__rosidl_typesupport_introspection_c
[ 80%] Built target interfaces_pkg__rosidl_typesupport_fastrtps_c
[ 80%] Built target interfaces_pkg
[ 81%] Built target interfaces_pkg__py
[ 91%] Built target interfaces_pkg__rosidl_generator_py
[ 94%] Built target interfaces_pkg__rosidl_typesupport_fastrtps_c__pyext
[ 97%] Built target interfaces_pkg__rosidl_typesupport_introspection_c__pyext
[100%] Built target interfaces_pkg__rosidl_typesupport_c__pyext
running egg_info
writing interfaces_pkg.egg-info/PKG-INFO
writing dependency_links to interfaces_pkg.egg-info/dependency_links.txt
writing top-level names to interfaces_pkg.egg-info/top_level.txt
reading manifest file 'interfaces_pkg.egg-info/SOURCES.txt'
writing manifest file 'interfaces_pkg.egg-info/SOURCES.txt'
[100%] Built target ament_cmake_python_build_interfaces_pkg_egg
-- Install configuration: ""
-- Execute custom install script
-- Up-to-date symlink: /home/bruno/umib_sam2_yolov8_ros2_ws/install/interfaces_pkg/share/ament_index/resource_index/rosidl_interfaces/interfaces_pkg
-- Up-to-date symlink: /home/bruno/umib_sam2_yolov8_ros2_ws/install/interfaces_pkg/include/interfaces_pkg/interfaces_pkg/msg/detail/detected_object__functions.h
-- Up-to-date symlink: /home/bruno/umib_sam2_yolov8_ros2_ws/install/interfaces_pkg/include/interfaces_pkg/interfaces_pkg/msg/detail/detected_object__struct.h
-- Up-to-date symlink: /home/bruno/umib_sam2_yolov8_ros2_ws/install/interfaces_pkg/include/interfaces_pkg/interfaces_pkg/msg/detail/detected_object__type_support.h
-- Up-to-date symlink: /home/bruno/umib_sam2_yolov8_ros2_ws/install/interfaces_pkg/include/interfaces_pkg/interfaces_pkg/msg/detail/list_of_mask_detections__functions.h
-- Up-to-date symlink: /home/bruno/umib_sam2_yolov8_ros2_ws/install/interfaces_pkg/include/interfaces_pkg/interfaces_pkg/msg/detail/list_of_mask_detections__struct.h
-- Up-to-date symlink: /home/bruno/umib_sam2_yolov8_ros2_ws/install/interfaces_pkg/include/interfaces_pkg/interfaces_pkg/msg/detail/list_of_mask_detections__type_support.h
-- Up-to-date symlink: /home/bruno/umib_sam2_yolov8_ros2_ws/install/interfaces_pkg/include/interfaces_pkg/interfaces_pkg/msg/detail/list_of_tracking_masks__functions.h
-- Up-to-date symlink: /home/bruno/umib_sam2_yolov8_ros2_ws/install/interfaces_pkg/include/interfaces_pkg/interfaces_pkg/msg/detail/list_of_tracking_masks__struct.h
-- Up-to-date symlink: /home/bruno/umib_sam2_yolov8_ros2_ws/install/interfaces_pkg/include/interfaces_pkg/interfaces_pkg/msg/detail/list_of_tracking_masks__type_support.h
-- Up-to-date symlink: /home/bruno/umib_sam2_yolov8_ros2_ws/install/interfaces_pkg/include/interfaces_pkg/interfaces_pkg/msg/detail/mask_detection__functions.h
-- Up-to-date symlink: /home/bruno/umib_sam2_yolov8_ros2_ws/install/interfaces_pkg/include/interfaces_pkg/interfaces_pkg/msg/detail/mask_detection__struct.h
-- Up-to-date symlink: /home/bruno/umib_sam2_yolov8_ros2_ws/install/interfaces_pkg/include/interfaces_pkg/interfaces_pkg/msg/detail/mask_detection__type_support.h
-- Up-to-date symlink: /home/bruno/umib_sam2_yolov8_ros2_ws/install/interfaces_pkg/include/interfaces_pkg/interfaces_pkg/msg/detail/tracking_mask__functions.h
-- Up-to-date symlink: /home/bruno/umib_sam2_yolov8_ros2_ws/install/interfaces_pkg/include/interfaces_pkg/interfaces_pkg/msg/detail/tracking_mask__struct.h
-- Up-to-date symlink: /home/bruno/umib_sam2_yolov8_ros2_ws/install/interfaces_pkg/include/interfaces_pkg/interfaces_pkg/msg/detail/tracking_mask__type_support.h
-- Up-to-date symlink: /home/bruno/umib_sam2_yolov8_ros2_ws/install/interfaces_pkg/include/interfaces_pkg/interfaces_pkg/msg/detail/yolov8_objects__functions.h
-- Up-to-date symlink: /home/bruno/umib_sam2_yolov8_ros2_ws/install/interfaces_pkg/include/interfaces_pkg/interfaces_pkg/msg/detail/yolov8_objects__struct.h
-- Up-to-date symlink: /home/bruno/umib_sam2_yolov8_ros2_ws/install/interfaces_pkg/include/interfaces_pkg/interfaces_pkg/msg/detail/yolov8_objects__type_support.h
-- Up-to-date symlink: /home/bruno/umib_sam2_yolov8_ros2_ws/install/interfaces_pkg/include/interfaces_pkg/interfaces_pkg/msg/detected_object.h
-- Up-to-date symlink: /home/bruno/umib_sam2_yolov8_ros2_ws/install/interfaces_pkg/include/interfaces_pkg/interfaces_pkg/msg/list_of_mask_detections.h
-- Up-to-date symlink: /home/bruno/umib_sam2_yolov8_ros2_ws/install/interfaces_pkg/include/interfaces_pkg/interfaces_pkg/msg/list_of_tracking_masks.h
-- Up-to-date symlink: /home/bruno/umib_sam2_yolov8_ros2_ws/install/interfaces_pkg/include/interfaces_pkg/interfaces_pkg/msg/mask_detection.h
-- Up-to-date symlink: /home/bruno/umib_sam2_yolov8_ros2_ws/install/interfaces_pkg/include/interfaces_pkg/interfaces_pkg/msg/rosidl_generator_c__visibility_control.h
-- Up-to-date symlink: /home/bruno/umib_sam2_yolov8_ros2_ws/install/interfaces_pkg/include/interfaces_pkg/interfaces_pkg/msg/tracking_mask.h
-- Up-to-date symlink: /home/bruno/umib_sam2_yolov8_ros2_ws/install/interfaces_pkg/include/interfaces_pkg/interfaces_pkg/msg/yolov8_objects.h
-- Up-to-date symlink: /home/bruno/umib_sam2_yolov8_ros2_ws/install/interfaces_pkg/share/interfaces_pkg/environment/library_path.sh
-- Up-to-date symlink: /home/bruno/umib_sam2_yolov8_ros2_ws/install/interfaces_pkg/share/interfaces_pkg/environment/library_path.dsv
-- Up-to-date symlink: /home/bruno/umib_sam2_yolov8_ros2_ws/install/interfaces_pkg/include/interfaces_pkg/interfaces_pkg/msg/detail/detected_object__rosidl_typesupport_fastrtps_c.h
-- Up-to-date symlink: /home/bruno/umib_sam2_yolov8_ros2_ws/install/interfaces_pkg/include/interfaces_pkg/interfaces_pkg/msg/detail/list_of_mask_detections__rosidl_typesupport_fastrtps_c.h
-- Up-to-date symlink: /home/bruno/umib_sam2_yolov8_ros2_ws/install/interfaces_pkg/include/interfaces_pkg/interfaces_pkg/msg/detail/list_of_tracking_masks__rosidl_typesupport_fastrtps_c.h
-- Up-to-date symlink: /home/bruno/umib_sam2_yolov8_ros2_ws/install/interfaces_pkg/include/interfaces_pkg/interfaces_pkg/msg/detail/mask_detection__rosidl_typesupport_fastrtps_c.h
-- Up-to-date symlink: /home/bruno/umib_sam2_yolov8_ros2_ws/install/interfaces_pkg/include/interfaces_pkg/interfaces_pkg/msg/detail/tracking_mask__rosidl_typesupport_fastrtps_c.h
-- Up-to-date symlink: /home/bruno/umib_sam2_yolov8_ros2_ws/install/interfaces_pkg/include/interfaces_pkg/interfaces_pkg/msg/detail/yolov8_objects__rosidl_typesupport_fastrtps_c.h
-- Up-to-date symlink: /home/bruno/umib_sam2_yolov8_ros2_ws/install/interfaces_pkg/include/interfaces_pkg/interfaces_pkg/msg/rosidl_typesupport_fastrtps_c__visibility_control.h
-- Up-to-date symlink: /home/bruno/umib_sam2_yolov8_ros2_ws/install/interfaces_pkg/include/interfaces_pkg/interfaces_pkg/msg/detail/detected_object__rosidl_typesupport_introspection_c.h
-- Up-to-date symlink: /home/bruno/umib_sam2_yolov8_ros2_ws/install/interfaces_pkg/include/interfaces_pkg/interfaces_pkg/msg/detail/list_of_mask_detections__rosidl_typesupport_introspection_c.h
-- Up-to-date symlink: /home/bruno/umib_sam2_yolov8_ros2_ws/install/interfaces_pkg/include/interfaces_pkg/interfaces_pkg/msg/detail/list_of_tracking_masks__rosidl_typesupport_introspection_c.h
-- Up-to-date symlink: /home/bruno/umib_sam2_yolov8_ros2_ws/install/interfaces_pkg/include/interfaces_pkg/interfaces_pkg/msg/detail/mask_detection__rosidl_typesupport_introspection_c.h
-- Up-to-date symlink: /home/bruno/umib_sam2_yolov8_ros2_ws/install/interfaces_pkg/include/interfaces_pkg/interfaces_pkg/msg/detail/tracking_mask__rosidl_typesupport_introspection_c.h
-- Up-to-date symlink: /home/bruno/umib_sam2_yolov8_ros2_ws/install/interfaces_pkg/include/interfaces_pkg/interfaces_pkg/msg/detail/yolov8_objects__rosidl_typesupport_introspection_c.h
-- Up-to-date symlink: /home/bruno/umib_sam2_yolov8_ros2_ws/install/interfaces_pkg/include/interfaces_pkg/interfaces_pkg/msg/rosidl_typesupport_introspection_c__visibility_control.h
-- Up-to-date symlink: /home/bruno/umib_sam2_yolov8_ros2_ws/install/interfaces_pkg/include/interfaces_pkg/interfaces_pkg/msg/detail/detected_object__builder.hpp
-- Up-to-date symlink: /home/bruno/umib_sam2_yolov8_ros2_ws/install/interfaces_pkg/include/interfaces_pkg/interfaces_pkg/msg/detail/detected_object__struct.hpp
-- Up-to-date symlink: /home/bruno/umib_sam2_yolov8_ros2_ws/install/interfaces_pkg/include/interfaces_pkg/interfaces_pkg/msg/detail/detected_object__traits.hpp
-- Up-to-date symlink: /home/bruno/umib_sam2_yolov8_ros2_ws/install/interfaces_pkg/include/interfaces_pkg/interfaces_pkg/msg/detail/list_of_mask_detections__builder.hpp
-- Up-to-date symlink: /home/bruno/umib_sam2_yolov8_ros2_ws/install/interfaces_pkg/include/interfaces_pkg/interfaces_pkg/msg/detail/list_of_mask_detections__struct.hpp
-- Up-to-date symlink: /home/bruno/umib_sam2_yolov8_ros2_ws/install/interfaces_pkg/include/interfaces_pkg/interfaces_pkg/msg/detail/list_of_mask_detections__traits.hpp
-- Up-to-date symlink: /home/bruno/umib_sam2_yolov8_ros2_ws/install/interfaces_pkg/include/interfaces_pkg/interfaces_pkg/msg/detail/list_of_tracking_masks__builder.hpp
-- Up-to-date symlink: /home/bruno/umib_sam2_yolov8_ros2_ws/install/interfaces_pkg/include/interfaces_pkg/interfaces_pkg/msg/detail/list_of_tracking_masks__struct.hpp
-- Up-to-date symlink: /home/bruno/umib_sam2_yolov8_ros2_ws/install/interfaces_pkg/include/interfaces_pkg/interfaces_pkg/msg/detail/list_of_tracking_masks__traits.hpp
-- Up-to-date symlink: /home/bruno/umib_sam2_yolov8_ros2_ws/install/interfaces_pkg/include/interfaces_pkg/interfaces_pkg/msg/detail/mask_detection__builder.hpp
-- Up-to-date symlink: /home/bruno/umib_sam2_yolov8_ros2_ws/install/interfaces_pkg/include/interfaces_pkg/interfaces_pkg/msg/detail/mask_detection__struct.hpp
-- Up-to-date symlink: /home/bruno/umib_sam2_yolov8_ros2_ws/install/interfaces_pkg/include/interfaces_pkg/interfaces_pkg/msg/detail/mask_detection__traits.hpp
-- Up-to-date symlink: /home/bruno/umib_sam2_yolov8_ros2_ws/install/interfaces_pkg/include/interfaces_pkg/interfaces_pkg/msg/detail/tracking_mask__builder.hpp
-- Up-to-date symlink: /home/bruno/umib_sam2_yolov8_ros2_ws/install/interfaces_pkg/include/interfaces_pkg/interfaces_pkg/msg/detail/tracking_mask__struct.hpp
-- Up-to-date symlink: /home/bruno/umib_sam2_yolov8_ros2_ws/install/interfaces_pkg/include/interfaces_pkg/interfaces_pkg/msg/detail/tracking_mask__traits.hpp
-- Up-to-date symlink: /home/bruno/umib_sam2_yolov8_ros2_ws/install/interfaces_pkg/include/interfaces_pkg/interfaces_pkg/msg/detail/yolov8_objects__builder.hpp
-- Up-to-date symlink: /home/bruno/umib_sam2_yolov8_ros2_ws/install/interfaces_pkg/include/interfaces_pkg/interfaces_pkg/msg/detail/yolov8_objects__struct.hpp
-- Up-to-date symlink: /home/bruno/umib_sam2_yolov8_ros2_ws/install/interfaces_pkg/include/interfaces_pkg/interfaces_pkg/msg/detail/yolov8_objects__traits.hpp
-- Up-to-date symlink: /home/bruno/umib_sam2_yolov8_ros2_ws/install/interfaces_pkg/include/interfaces_pkg/interfaces_pkg/msg/detected_object.hpp
-- Up-to-date symlink: /home/bruno/umib_sam2_yolov8_ros2_ws/install/interfaces_pkg/include/interfaces_pkg/interfaces_pkg/msg/list_of_mask_detections.hpp
-- Up-to-date symlink: /home/bruno/umib_sam2_yolov8_ros2_ws/install/interfaces_pkg/include/interfaces_pkg/interfaces_pkg/msg/list_of_tracking_masks.hpp
-- Up-to-date symlink: /home/bruno/umib_sam2_yolov8_ros2_ws/install/interfaces_pkg/include/interfaces_pkg/interfaces_pkg/msg/mask_detection.hpp
-- Up-to-date symlink: /home/bruno/umib_sam2_yolov8_ros2_ws/install/interfaces_pkg/include/interfaces_pkg/interfaces_pkg/msg/tracking_mask.hpp
-- Up-to-date symlink: /home/bruno/umib_sam2_yolov8_ros2_ws/install/interfaces_pkg/include/interfaces_pkg/interfaces_pkg/msg/yolov8_objects.hpp
-- Up-to-date symlink: /home/bruno/umib_sam2_yolov8_ros2_ws/install/interfaces_pkg/include/interfaces_pkg/interfaces_pkg/msg/detail/detected_object__rosidl_typesupport_fastrtps_cpp.hpp
-- Up-to-date symlink: /home/bruno/umib_sam2_yolov8_ros2_ws/install/interfaces_pkg/include/interfaces_pkg/interfaces_pkg/msg/detail/list_of_mask_detections__rosidl_typesupport_fastrtps_cpp.hpp
-- Up-to-date symlink: /home/bruno/umib_sam2_yolov8_ros2_ws/install/interfaces_pkg/include/interfaces_pkg/interfaces_pkg/msg/detail/list_of_tracking_masks__rosidl_typesupport_fastrtps_cpp.hpp
-- Up-to-date symlink: /home/bruno/umib_sam2_yolov8_ros2_ws/install/interfaces_pkg/include/interfaces_pkg/interfaces_pkg/msg/detail/mask_detection__rosidl_typesupport_fastrtps_cpp.hpp
-- Up-to-date symlink: /home/bruno/umib_sam2_yolov8_ros2_ws/install/interfaces_pkg/include/interfaces_pkg/interfaces_pkg/msg/detail/tracking_mask__rosidl_typesupport_fastrtps_cpp.hpp
-- Up-to-date symlink: /home/bruno/umib_sam2_yolov8_ros2_ws/install/interfaces_pkg/include/interfaces_pkg/interfaces_pkg/msg/detail/yolov8_objects__rosidl_typesupport_fastrtps_cpp.hpp
-- Up-to-date symlink: /home/bruno/umib_sam2_yolov8_ros2_ws/install/interfaces_pkg/include/interfaces_pkg/interfaces_pkg/msg/rosidl_typesupport_fastrtps_cpp__visibility_control.h
-- Up-to-date symlink: /home/bruno/umib_sam2_yolov8_ros2_ws/install/interfaces_pkg/include/interfaces_pkg/interfaces_pkg/msg/detail/detected_object__rosidl_typesupport_introspection_cpp.hpp
-- Up-to-date symlink: /home/bruno/umib_sam2_yolov8_ros2_ws/install/interfaces_pkg/include/interfaces_pkg/interfaces_pkg/msg/detail/list_of_mask_detections__rosidl_typesupport_introspection_cpp.hpp
-- Up-to-date symlink: /home/bruno/umib_sam2_yolov8_ros2_ws/install/interfaces_pkg/include/interfaces_pkg/interfaces_pkg/msg/detail/list_of_tracking_masks__rosidl_typesupport_introspection_cpp.hpp
-- Up-to-date symlink: /home/bruno/umib_sam2_yolov8_ros2_ws/install/interfaces_pkg/include/interfaces_pkg/interfaces_pkg/msg/detail/mask_detection__rosidl_typesupport_introspection_cpp.hpp
-- Up-to-date symlink: /home/bruno/umib_sam2_yolov8_ros2_ws/install/interfaces_pkg/include/interfaces_pkg/interfaces_pkg/msg/detail/tracking_mask__rosidl_typesupport_introspection_cpp.hpp
-- Up-to-date symlink: /home/bruno/umib_sam2_yolov8_ros2_ws/install/interfaces_pkg/include/interfaces_pkg/interfaces_pkg/msg/detail/yolov8_objects__rosidl_typesupport_introspection_cpp.hpp
-- Up-to-date symlink: /home/bruno/umib_sam2_yolov8_ros2_ws/install/interfaces_pkg/share/interfaces_pkg/environment/pythonpath.sh
-- Up-to-date symlink: /home/bruno/umib_sam2_yolov8_ros2_ws/install/interfaces_pkg/share/interfaces_pkg/environment/pythonpath.dsv
-- Up-to-date symlink: /home/bruno/umib_sam2_yolov8_ros2_ws/install/interfaces_pkg/local/lib/python3.10/dist-packages/interfaces_pkg-0.0.0-py3.10.egg-info/PKG-INFO
-- Up-to-date symlink: /home/bruno/umib_sam2_yolov8_ros2_ws/install/interfaces_pkg/local/lib/python3.10/dist-packages/interfaces_pkg-0.0.0-py3.10.egg-info/SOURCES.txt
-- Up-to-date symlink: /home/bruno/umib_sam2_yolov8_ros2_ws/install/interfaces_pkg/local/lib/python3.10/dist-packages/interfaces_pkg-0.0.0-py3.10.egg-info/dependency_links.txt
-- Up-to-date symlink: /home/bruno/umib_sam2_yolov8_ros2_ws/install/interfaces_pkg/local/lib/python3.10/dist-packages/interfaces_pkg-0.0.0-py3.10.egg-info/top_level.txt
-- Up-to-date symlink: /home/bruno/umib_sam2_yolov8_ros2_ws/install/interfaces_pkg/local/lib/python3.10/dist-packages/interfaces_pkg/__init__.py
-- Up-to-date symlink: /home/bruno/umib_sam2_yolov8_ros2_ws/install/interfaces_pkg/local/lib/python3.10/dist-packages/interfaces_pkg/_interfaces_pkg_s.ep.rosidl_typesupport_c.c
-- Up-to-date symlink: /home/bruno/umib_sam2_yolov8_ros2_ws/install/interfaces_pkg/local/lib/python3.10/dist-packages/interfaces_pkg/_interfaces_pkg_s.ep.rosidl_typesupport_fastrtps_c.c
-- Up-to-date symlink: /home/bruno/umib_sam2_yolov8_ros2_ws/install/interfaces_pkg/local/lib/python3.10/dist-packages/interfaces_pkg/_interfaces_pkg_s.ep.rosidl_typesupport_introspection_c.c
-- Up-to-date symlink: /home/bruno/umib_sam2_yolov8_ros2_ws/install/interfaces_pkg/local/lib/python3.10/dist-packages/interfaces_pkg/interfaces_pkg_s__rosidl_typesupport_c.cpython-310-x86_64-linux-gnu.so
-- Up-to-date symlink: /home/bruno/umib_sam2_yolov8_ros2_ws/install/interfaces_pkg/local/lib/python3.10/dist-packages/interfaces_pkg/interfaces_pkg_s__rosidl_typesupport_fastrtps_c.cpython-310-x86_64-linux-gnu.so
-- Up-to-date symlink: /home/bruno/umib_sam2_yolov8_ros2_ws/install/interfaces_pkg/local/lib/python3.10/dist-packages/interfaces_pkg/interfaces_pkg_s__rosidl_typesupport_introspection_c.cpython-310-x86_64-linux-gnu.so
-- Up-to-date symlink: /home/bruno/umib_sam2_yolov8_ros2_ws/install/interfaces_pkg/local/lib/python3.10/dist-packages/interfaces_pkg/libinterfaces_pkg__rosidl_generator_py.so
-- Up-to-date symlink: /home/bruno/umib_sam2_yolov8_ros2_ws/install/interfaces_pkg/local/lib/python3.10/dist-packages/interfaces_pkg/msg/__init__.py
-- Up-to-date symlink: /home/bruno/umib_sam2_yolov8_ros2_ws/install/interfaces_pkg/local/lib/python3.10/dist-packages/interfaces_pkg/msg/_detected_object.py
-- Up-to-date symlink: /home/bruno/umib_sam2_yolov8_ros2_ws/install/interfaces_pkg/local/lib/python3.10/dist-packages/interfaces_pkg/msg/_detected_object_s.c
-- Up-to-date symlink: /home/bruno/umib_sam2_yolov8_ros2_ws/install/interfaces_pkg/local/lib/python3.10/dist-packages/interfaces_pkg/msg/_list_of_mask_detections.py
-- Up-to-date symlink: /home/bruno/umib_sam2_yolov8_ros2_ws/install/interfaces_pkg/local/lib/python3.10/dist-packages/interfaces_pkg/msg/_list_of_mask_detections_s.c
-- Up-to-date symlink: /home/bruno/umib_sam2_yolov8_ros2_ws/install/interfaces_pkg/local/lib/python3.10/dist-packages/interfaces_pkg/msg/_list_of_tracking_masks.py
-- Up-to-date symlink: /home/bruno/umib_sam2_yolov8_ros2_ws/install/interfaces_pkg/local/lib/python3.10/dist-packages/interfaces_pkg/msg/_list_of_tracking_masks_s.c
-- Up-to-date symlink: /home/bruno/umib_sam2_yolov8_ros2_ws/install/interfaces_pkg/local/lib/python3.10/dist-packages/interfaces_pkg/msg/_mask_detection.py
-- Up-to-date symlink: /home/bruno/umib_sam2_yolov8_ros2_ws/install/interfaces_pkg/local/lib/python3.10/dist-packages/interfaces_pkg/msg/_mask_detection_s.c
-- Up-to-date symlink: /home/bruno/umib_sam2_yolov8_ros2_ws/install/interfaces_pkg/local/lib/python3.10/dist-packages/interfaces_pkg/msg/_tracking_mask.py
-- Up-to-date symlink: /home/bruno/umib_sam2_yolov8_ros2_ws/install/interfaces_pkg/local/lib/python3.10/dist-packages/interfaces_pkg/msg/_tracking_mask_s.c
-- Up-to-date symlink: /home/bruno/umib_sam2_yolov8_ros2_ws/install/interfaces_pkg/local/lib/python3.10/dist-packages/interfaces_pkg/msg/_yolov8_objects.py
-- Up-to-date symlink: /home/bruno/umib_sam2_yolov8_ros2_ws/install/interfaces_pkg/local/lib/python3.10/dist-packages/interfaces_pkg/msg/_yolov8_objects_s.c
-- Up-to-date symlink: /home/bruno/umib_sam2_yolov8_ros2_ws/install/interfaces_pkg/local/lib/python3.10/dist-packages/interfaces_pkg/interfaces_pkg_s__rosidl_typesupport_fastrtps_c.cpython-310-x86_64-linux-gnu.so
-- Up-to-date symlink: /home/bruno/umib_sam2_yolov8_ros2_ws/install/interfaces_pkg/local/lib/python3.10/dist-packages/interfaces_pkg/interfaces_pkg_s__rosidl_typesupport_introspection_c.cpython-310-x86_64-linux-gnu.so
-- Up-to-date symlink: /home/bruno/umib_sam2_yolov8_ros2_ws/install/interfaces_pkg/local/lib/python3.10/dist-packages/interfaces_pkg/interfaces_pkg_s__rosidl_typesupport_c.cpython-310-x86_64-linux-gnu.so
-- Up-to-date symlink: /home/bruno/umib_sam2_yolov8_ros2_ws/install/interfaces_pkg/share/interfaces_pkg/msg/DetectedObject.idl
-- Up-to-date symlink: /home/bruno/umib_sam2_yolov8_ros2_ws/install/interfaces_pkg/share/interfaces_pkg/msg/Yolov8Objects.idl
-- Up-to-date symlink: /home/bruno/umib_sam2_yolov8_ros2_ws/install/interfaces_pkg/share/interfaces_pkg/msg/MaskDetection.idl
-- Up-to-date symlink: /home/bruno/umib_sam2_yolov8_ros2_ws/install/interfaces_pkg/share/interfaces_pkg/msg/ListOfMaskDetections.idl
-- Up-to-date symlink: /home/bruno/umib_sam2_yolov8_ros2_ws/install/interfaces_pkg/share/interfaces_pkg/msg/TrackingMask.idl
-- Up-to-date symlink: /home/bruno/umib_sam2_yolov8_ros2_ws/install/interfaces_pkg/share/interfaces_pkg/msg/ListOfTrackingMasks.idl
-- Up-to-date symlink: /home/bruno/umib_sam2_yolov8_ros2_ws/install/interfaces_pkg/share/interfaces_pkg/msg/DetectedObject.msg
-- Up-to-date symlink: /home/bruno/umib_sam2_yolov8_ros2_ws/install/interfaces_pkg/share/interfaces_pkg/msg/Yolov8Objects.msg
-- Up-to-date symlink: /home/bruno/umib_sam2_yolov8_ros2_ws/install/interfaces_pkg/share/interfaces_pkg/msg/MaskDetection.msg
-- Up-to-date symlink: /home/bruno/umib_sam2_yolov8_ros2_ws/install/interfaces_pkg/share/interfaces_pkg/msg/ListOfMaskDetections.msg
-- Up-to-date symlink: /home/bruno/umib_sam2_yolov8_ros2_ws/install/interfaces_pkg/share/interfaces_pkg/msg/TrackingMask.msg
-- Up-to-date symlink: /home/bruno/umib_sam2_yolov8_ros2_ws/install/interfaces_pkg/share/interfaces_pkg/msg/ListOfTrackingMasks.msg
-- Up-to-date symlink: /home/bruno/umib_sam2_yolov8_ros2_ws/install/interfaces_pkg/share/ament_index/resource_index/package_run_dependencies/interfaces_pkg
-- Up-to-date symlink: /home/bruno/umib_sam2_yolov8_ros2_ws/install/interfaces_pkg/share/ament_index/resource_index/parent_prefix_path/interfaces_pkg
-- Up-to-date symlink: /home/bruno/umib_sam2_yolov8_ros2_ws/install/interfaces_pkg/share/interfaces_pkg/environment/ament_prefix_path.sh
-- Up-to-date symlink: /home/bruno/umib_sam2_yolov8_ros2_ws/install/interfaces_pkg/share/interfaces_pkg/environment/ament_prefix_path.dsv
-- Up-to-date symlink: /home/bruno/umib_sam2_yolov8_ros2_ws/install/interfaces_pkg/share/interfaces_pkg/environment/path.sh
-- Up-to-date symlink: /home/bruno/umib_sam2_yolov8_ros2_ws/install/interfaces_pkg/share/interfaces_pkg/environment/path.dsv
-- Up-to-date symlink: /home/bruno/umib_sam2_yolov8_ros2_ws/install/interfaces_pkg/share/interfaces_pkg/local_setup.bash
-- Up-to-date symlink: /home/bruno/umib_sam2_yolov8_ros2_ws/install/interfaces_pkg/share/interfaces_pkg/local_setup.sh
-- Up-to-date symlink: /home/bruno/umib_sam2_yolov8_ros2_ws/install/interfaces_pkg/share/interfaces_pkg/local_setup.zsh
-- Up-to-date symlink: /home/bruno/umib_sam2_yolov8_ros2_ws/install/interfaces_pkg/share/interfaces_pkg/local_setup.dsv
-- Symlinking: /home/bruno/umib_sam2_yolov8_ros2_ws/install/interfaces_pkg/share/interfaces_pkg/package.dsv
-- Up-to-date symlink: /home/bruno/umib_sam2_yolov8_ros2_ws/install/interfaces_pkg/share/ament_index/resource_index/packages/interfaces_pkg
-- Up-to-date symlink: /home/bruno/umib_sam2_yolov8_ros2_ws/install/interfaces_pkg/share/interfaces_pkg/cmake/rosidl_cmake-extras.cmake
-- Up-to-date symlink: /home/bruno/umib_sam2_yolov8_ros2_ws/install/interfaces_pkg/share/interfaces_pkg/cmake/ament_cmake_export_dependencies-extras.cmake
-- Up-to-date symlink: /home/bruno/umib_sam2_yolov8_ros2_ws/install/interfaces_pkg/share/interfaces_pkg/cmake/ament_cmake_export_include_directories-extras.cmake
-- Up-to-date symlink: /home/bruno/umib_sam2_yolov8_ros2_ws/install/interfaces_pkg/share/interfaces_pkg/cmake/ament_cmake_export_libraries-extras.cmake
-- Up-to-date symlink: /home/bruno/umib_sam2_yolov8_ros2_ws/install/interfaces_pkg/share/interfaces_pkg/cmake/ament_cmake_export_targets-extras.cmake
-- Up-to-date symlink: /home/bruno/umib_sam2_yolov8_ros2_ws/install/interfaces_pkg/share/interfaces_pkg/cmake/rosidl_cmake_export_typesupport_targets-extras.cmake
-- Up-to-date symlink: /home/bruno/umib_sam2_yolov8_ros2_ws/install/interfaces_pkg/share/interfaces_pkg/cmake/rosidl_cmake_export_typesupport_libraries-extras.cmake
-- Up-to-date symlink: /home/bruno/umib_sam2_yolov8_ros2_ws/install/interfaces_pkg/share/interfaces_pkg/cmake/interfaces_pkgConfig.cmake
-- Up-to-date symlink: /home/bruno/umib_sam2_yolov8_ros2_ws/install/interfaces_pkg/share/interfaces_pkg/cmake/interfaces_pkgConfig-version.cmake
-- Up-to-date symlink: /home/bruno/umib_sam2_yolov8_ros2_ws/install/interfaces_pkg/share/interfaces_pkg/package.xml
-- Up-to-date: /home/bruno/umib_sam2_yolov8_ros2_ws/install/interfaces_pkg/lib/libinterfaces_pkg__rosidl_generator_c.so
-- Up-to-date: /home/bruno/umib_sam2_yolov8_ros2_ws/install/interfaces_pkg/lib/libinterfaces_pkg__rosidl_typesupport_fastrtps_c.so
-- Up-to-date: /home/bruno/umib_sam2_yolov8_ros2_ws/install/interfaces_pkg/lib/libinterfaces_pkg__rosidl_typesupport_introspection_c.so
-- Up-to-date: /home/bruno/umib_sam2_yolov8_ros2_ws/install/interfaces_pkg/lib/libinterfaces_pkg__rosidl_typesupport_c.so
-- Up-to-date: /home/bruno/umib_sam2_yolov8_ros2_ws/install/interfaces_pkg/lib/libinterfaces_pkg__rosidl_typesupport_fastrtps_cpp.so
-- Up-to-date: /home/bruno/umib_sam2_yolov8_ros2_ws/install/interfaces_pkg/lib/libinterfaces_pkg__rosidl_typesupport_introspection_cpp.so
-- Up-to-date: /home/bruno/umib_sam2_yolov8_ros2_ws/install/interfaces_pkg/lib/libinterfaces_pkg__rosidl_typesupport_cpp.so
Listing '/home/bruno/umib_sam2_yolov8_ros2_ws/install/interfaces_pkg/local/lib/python3.10/dist-packages/interfaces_pkg'...
Listing '/home/bruno/umib_sam2_yolov8_ros2_ws/install/interfaces_pkg/local/lib/python3.10/dist-packages/interfaces_pkg/msg'...
-- Up-to-date: /home/bruno/umib_sam2_yolov8_ros2_ws/install/interfaces_pkg/lib/libinterfaces_pkg__rosidl_generator_py.so
-- Up-to-date: /home/bruno/umib_sam2_yolov8_ros2_ws/install/interfaces_pkg/share/interfaces_pkg/cmake/export_interfaces_pkg__rosidl_generator_cExport.cmake
-- Up-to-date: /home/bruno/umib_sam2_yolov8_ros2_ws/install/interfaces_pkg/share/interfaces_pkg/cmake/export_interfaces_pkg__rosidl_generator_cExport-noconfig.cmake
-- Up-to-date: /home/bruno/umib_sam2_yolov8_ros2_ws/install/interfaces_pkg/share/interfaces_pkg/cmake/export_interfaces_pkg__rosidl_typesupport_fastrtps_cExport.cmake
-- Up-to-date: /home/bruno/umib_sam2_yolov8_ros2_ws/install/interfaces_pkg/share/interfaces_pkg/cmake/export_interfaces_pkg__rosidl_typesupport_fastrtps_cExport-noconfig.cmake
-- Up-to-date: /home/bruno/umib_sam2_yolov8_ros2_ws/install/interfaces_pkg/share/interfaces_pkg/cmake/interfaces_pkg__rosidl_typesupport_introspection_cExport.cmake
-- Up-to-date: /home/bruno/umib_sam2_yolov8_ros2_ws/install/interfaces_pkg/share/interfaces_pkg/cmake/interfaces_pkg__rosidl_typesupport_introspection_cExport-noconfig.cmake
-- Up-to-date: /home/bruno/umib_sam2_yolov8_ros2_ws/install/interfaces_pkg/share/interfaces_pkg/cmake/interfaces_pkg__rosidl_typesupport_cExport.cmake
-- Up-to-date: /home/bruno/umib_sam2_yolov8_ros2_ws/install/interfaces_pkg/share/interfaces_pkg/cmake/interfaces_pkg__rosidl_typesupport_cExport-noconfig.cmake
-- Up-to-date: /home/bruno/umib_sam2_yolov8_ros2_ws/install/interfaces_pkg/share/interfaces_pkg/cmake/export_interfaces_pkg__rosidl_generator_cppExport.cmake
-- Up-to-date: /home/bruno/umib_sam2_yolov8_ros2_ws/install/interfaces_pkg/share/interfaces_pkg/cmake/export_interfaces_pkg__rosidl_typesupport_fastrtps_cppExport.cmake
-- Up-to-date: /home/bruno/umib_sam2_yolov8_ros2_ws/install/interfaces_pkg/share/interfaces_pkg/cmake/export_interfaces_pkg__rosidl_typesupport_fastrtps_cppExport-noconfig.cmake
-- Up-to-date: /home/bruno/umib_sam2_yolov8_ros2_ws/install/interfaces_pkg/share/interfaces_pkg/cmake/interfaces_pkg__rosidl_typesupport_introspection_cppExport.cmake
-- Up-to-date: /home/bruno/umib_sam2_yolov8_ros2_ws/install/interfaces_pkg/share/interfaces_pkg/cmake/interfaces_pkg__rosidl_typesupport_introspection_cppExport-noconfig.cmake
-- Up-to-date: /home/bruno/umib_sam2_yolov8_ros2_ws/install/interfaces_pkg/share/interfaces_pkg/cmake/interfaces_pkg__rosidl_typesupport_cppExport.cmake
-- Up-to-date: /home/bruno/umib_sam2_yolov8_ros2_ws/install/interfaces_pkg/share/interfaces_pkg/cmake/interfaces_pkg__rosidl_typesupport_cppExport-noconfig.cmake
-- Up-to-date: /home/bruno/umib_sam2_yolov8_ros2_ws/install/interfaces_pkg/share/interfaces_pkg/cmake/export_interfaces_pkg__rosidl_generator_pyExport.cmake
-- Up-to-date: /home/bruno/umib_sam2_yolov8_ros2_ws/install/interfaces_pkg/share/interfaces_pkg/cmake/export_interfaces_pkg__rosidl_generator_pyExport-noconfig.cmake
