running develop
/usr/lib/python3/dist-packages/setuptools/command/easy_install.py:158: EasyInstallDeprecationWarning: easy_install command is deprecated. Use build and pip and other standards-based tools.
  warnings.warn(
Removing /home/bruno/umib_sam2_yolov8_ros2_ws/install/obj_det/lib/python3.10/site-packages/obj-det.egg-link (link to .)
running egg_info
writing ../../build/obj_det/obj_det.egg-info/PKG-INFO
writing dependency_links to ../../build/obj_det/obj_det.egg-info/dependency_links.txt
writing entry points to ../../build/obj_det/obj_det.egg-info/entry_points.txt
writing requirements to ../../build/obj_det/obj_det.egg-info/requires.txt
writing top-level names to ../../build/obj_det/obj_det.egg-info/top_level.txt
reading manifest file '../../build/obj_det/obj_det.egg-info/SOURCES.txt'
adding license file 'LICENSE'
writing manifest file '../../build/obj_det/obj_det.egg-info/SOURCES.txt'
running build
running build_py
creating /home/bruno/umib_sam2_yolov8_ros2_ws/build/obj_det/build
creating /home/bruno/umib_sam2_yolov8_ros2_ws/build/obj_det/build/lib
creating /home/bruno/umib_sam2_yolov8_ros2_ws/build/obj_det/build/lib/obj_det
copying obj_det/obj_det_node.py -> /home/bruno/umib_sam2_yolov8_ros2_ws/build/obj_det/build/lib/obj_det
copying obj_det/__init__.py -> /home/bruno/umib_sam2_yolov8_ros2_ws/build/obj_det/build/lib/obj_det
running install
running install_lib
creating /home/bruno/umib_sam2_yolov8_ros2_ws/install/obj_det/lib/python3.10/site-packages/obj_det
copying /home/bruno/umib_sam2_yolov8_ros2_ws/build/obj_det/build/lib/obj_det/obj_det_node.py -> /home/bruno/umib_sam2_yolov8_ros2_ws/install/obj_det/lib/python3.10/site-packages/obj_det
copying /home/bruno/umib_sam2_yolov8_ros2_ws/build/obj_det/build/lib/obj_det/__init__.py -> /home/bruno/umib_sam2_yolov8_ros2_ws/install/obj_det/lib/python3.10/site-packages/obj_det
byte-compiling /home/bruno/umib_sam2_yolov8_ros2_ws/install/obj_det/lib/python3.10/site-packages/obj_det/obj_det_node.py to obj_det_node.cpython-310.pyc
byte-compiling /home/bruno/umib_sam2_yolov8_ros2_ws/install/obj_det/lib/python3.10/site-packages/obj_det/__init__.py to __init__.cpython-310.pyc
running install_data
copying resource/obj_det -> /home/bruno/umib_sam2_yolov8_ros2_ws/install/obj_det/share/ament_index/resource_index/packages
copying package.xml -> /home/bruno/umib_sam2_yolov8_ros2_ws/install/obj_det/share/obj_det
running install_egg_info
Copying ../../build/obj_det/obj_det.egg-info to /home/bruno/umib_sam2_yolov8_ros2_ws/install/obj_det/lib/python3.10/site-packages/obj_det-0.0.0-py3.10.egg-info
running install_scripts
Installing obj_det_node script to /home/bruno/umib_sam2_yolov8_ros2_ws/install/obj_det/lib/obj_det
writing list of installed files to '/home/bruno/umib_sam2_yolov8_ros2_ws/build/obj_det/install.log'
