running develop
/usr/lib/python3/dist-packages/setuptools/command/easy_install.py:158: EasyInstallDeprecationWarning: easy_install command is deprecated. Use build and pip and other standards-based tools.
  warnings.warn(
running egg_info
creating obj_det.egg-info
writing obj_det.egg-info/PKG-INFO
writing dependency_links to obj_det.egg-info/dependency_links.txt
writing entry points to obj_det.egg-info/entry_points.txt
writing requirements to obj_det.egg-info/requires.txt
writing top-level names to obj_det.egg-info/top_level.txt
writing manifest file 'obj_det.egg-info/SOURCES.txt'
reading manifest file 'obj_det.egg-info/SOURCES.txt'
writing manifest file 'obj_det.egg-info/SOURCES.txt'
running build_ext
Creating /home/bruno/umib_sam2_yolov8_ros2_ws/install/obj_det/lib/python3.10/site-packages/obj-det.egg-link (link to .)
Installing obj_det_node script to /home/bruno/umib_sam2_yolov8_ros2_ws/install/obj_det/lib/obj_det

Installed /home/bruno/umib_sam2_yolov8_ros2_ws/build/obj_det
running symlink_data
creating /home/bruno/umib_sam2_yolov8_ros2_ws/install/obj_det/share/ament_index
creating /home/bruno/umib_sam2_yolov8_ros2_ws/install/obj_det/share/ament_index/resource_index
creating /home/bruno/umib_sam2_yolov8_ros2_ws/install/obj_det/share/ament_index/resource_index/packages
symbolically linking /home/bruno/umib_sam2_yolov8_ros2_ws/build/obj_det/resource/obj_det -> /home/bruno/umib_sam2_yolov8_ros2_ws/install/obj_det/share/ament_index/resource_index/packages
symbolically linking /home/bruno/umib_sam2_yolov8_ros2_ws/build/obj_det/package.xml -> /home/bruno/umib_sam2_yolov8_ros2_ws/install/obj_det/share/obj_det
