[2.081s] Invoking command in '/home/bruno/umib_sam2_yolov8_ros2_ws/build/obj_det': PYTHONPATH=/home/bruno/umib_sam2_yolov8_ros2_ws/build/obj_det/prefix_override:/home/bruno/umib_sam2_yolov8_ros2_ws/install/obj_det/lib/python3.10/site-packages:${PYTHONPATH} /usr/bin/python3 -W ignore:setup.py install is deprecated setup.py develop --editable --build-directory /home/bruno/umib_sam2_yolov8_ros2_ws/build/obj_det/build --no-deps symlink_data
[2.928s] running develop
[2.929s] /usr/lib/python3/dist-packages/setuptools/command/easy_install.py:158: EasyInstallDeprecationWarning: easy_install command is deprecated. Use build and pip and other standards-based tools.
[2.929s]   warnings.warn(
[3.582s] running egg_info
[3.582s] creating obj_det.egg-info
[3.583s] writing obj_det.egg-info/PKG-INFO
[3.583s] writing dependency_links to obj_det.egg-info/dependency_links.txt
[3.584s] writing entry points to obj_det.egg-info/entry_points.txt
[3.584s] writing requirements to obj_det.egg-info/requires.txt
[3.584s] writing top-level names to obj_det.egg-info/top_level.txt
[3.585s] writing manifest file 'obj_det.egg-info/SOURCES.txt'
[3.588s] reading manifest file 'obj_det.egg-info/SOURCES.txt'
[3.589s] writing manifest file 'obj_det.egg-info/SOURCES.txt'
[3.693s] running build_ext
[3.693s] Creating /home/bruno/umib_sam2_yolov8_ros2_ws/install/obj_det/lib/python3.10/site-packages/obj-det.egg-link (link to .)
[3.694s] Installing obj_det_node script to /home/bruno/umib_sam2_yolov8_ros2_ws/install/obj_det/lib/obj_det
[3.695s] 
[3.695s] Installed /home/bruno/umib_sam2_yolov8_ros2_ws/build/obj_det
[3.695s] running symlink_data
[3.695s] creating /home/bruno/umib_sam2_yolov8_ros2_ws/install/obj_det/share/ament_index
[3.696s] creating /home/bruno/umib_sam2_yolov8_ros2_ws/install/obj_det/share/ament_index/resource_index
[3.696s] creating /home/bruno/umib_sam2_yolov8_ros2_ws/install/obj_det/share/ament_index/resource_index/packages
[3.696s] symbolically linking /home/bruno/umib_sam2_yolov8_ros2_ws/build/obj_det/resource/obj_det -> /home/bruno/umib_sam2_yolov8_ros2_ws/install/obj_det/share/ament_index/resource_index/packages
[3.696s] symbolically linking /home/bruno/umib_sam2_yolov8_ros2_ws/build/obj_det/package.xml -> /home/bruno/umib_sam2_yolov8_ros2_ws/install/obj_det/share/obj_det
[3.749s] Invoked command in '/home/bruno/umib_sam2_yolov8_ros2_ws/build/obj_det' returned '0': PYTHONPATH=/home/bruno/umib_sam2_yolov8_ros2_ws/build/obj_det/prefix_override:/home/bruno/umib_sam2_yolov8_ros2_ws/install/obj_det/lib/python3.10/site-packages:${PYTHONPATH} /usr/bin/python3 -W ignore:setup.py install is deprecated setup.py develop --editable --build-directory /home/bruno/umib_sam2_yolov8_ros2_ws/build/obj_det/build --no-deps symlink_data
