-- Found ament_cmake: 1.3.10 (/opt/ros/humble/share/ament_cmake/cmake)
-- Override CMake install command with custom implementation using symlinks instead of copying resources
-- Found rosidl_default_generators: 1.2.0 (/opt/ros/humble/share/rosidl_default_generators/cmake)
-- Using all available rosidl_typesupport_c: rosidl_typesupport_fastrtps_c;rosidl_typesupport_introspection_c
-- Found rosidl_adapter: 3.1.5 (/opt/ros/humble/share/rosidl_adapter/cmake)
-- Using all available rosidl_typesupport_cpp: rosidl_typesupport_fastrtps_cpp;rosidl_typesupport_introspection_cpp
-- Found example_interfaces: 0.9.3 (/opt/ros/humble/share/example_interfaces/cmake)
-- Found geometry_msgs: 4.2.4 (/opt/ros/humble/share/geometry_msgs/cmake)
-- Found sensor_msgs: 4.2.4 (/opt/ros/humble/share/sensor_msgs/cmake)
-- Found ament_cmake_ros: 0.10.0 (/opt/ros/humble/share/ament_cmake_ros/cmake)
-- Using all available rosidl_typesupport_c: rosidl_typesupport_fastrtps_c;rosidl_typesupport_introspection_c
-- Using all available rosidl_typesupport_cpp: rosidl_typesupport_fastrtps_cpp;rosidl_typesupport_introspection_cpp
-- Found python_cmake_module: 0.10.0 (/opt/ros/humble/share/python_cmake_module/cmake)
-- Using PYTHON_EXECUTABLE: /usr/bin/python3
-- Using PYTHON_INCLUDE_DIRS: /usr/include/python3.10
-- Using PYTHON_LIBRARIES: /usr/lib/x86_64-linux-gnu/libpython3.10.so
-- Configuring done
-- Generating done
-- Build files have been written to: /home/charmie/umib_sam2_yolov8_ros2_ws/build/interfaces_pkg
[  1%] [34m[1mGenerating C code for ROS interfaces[0m
[  3%] [34m[1mGenerating C++ code for ROS interfaces[0m
[  3%] Built target ament_cmake_python_symlink_interfaces_pkg
running egg_info
writing interfaces_pkg.egg-info/PKG-INFO
writing dependency_links to interfaces_pkg.egg-info/dependency_links.txt
writing top-level names to interfaces_pkg.egg-info/top_level.txt
reading manifest file 'interfaces_pkg.egg-info/SOURCES.txt'
writing manifest file 'interfaces_pkg.egg-info/SOURCES.txt'
[  3%] Built target ament_cmake_python_build_interfaces_pkg_egg
[  3%] Built target interfaces_pkg__cpp
[  6%] [34m[1mGenerating C++ type support dispatch for ROS interfaces[0m
[  6%] [34m[1mGenerating C++ introspection for ROS interfaces[0m
[  7%] [34m[1mGenerating C++ type support for eProsima Fast-RTPS[0m
[35m[1mConsolidate compiler generated dependencies of target interfaces_pkg__rosidl_generator_c[0m
[ 15%] [32mBuilding C object CMakeFiles/interfaces_pkg__rosidl_generator_c.dir/rosidl_generator_c/interfaces_pkg/msg/detail/tracking_mask__functions.c.o[0m
[ 15%] [32mBuilding C object CMakeFiles/interfaces_pkg__rosidl_generator_c.dir/rosidl_generator_c/interfaces_pkg/msg/detail/detected_object__functions.c.o[0m
[ 15%] [32mBuilding C object CMakeFiles/interfaces_pkg__rosidl_generator_c.dir/rosidl_generator_c/interfaces_pkg/msg/detail/list_of_mask_detections__functions.c.o[0m
[ 15%] [32mBuilding C object CMakeFiles/interfaces_pkg__rosidl_generator_c.dir/rosidl_generator_c/interfaces_pkg/msg/detail/yolov8_objects__functions.c.o[0m
[ 15%] [32mBuilding C object CMakeFiles/interfaces_pkg__rosidl_generator_c.dir/rosidl_generator_c/interfaces_pkg/msg/detail/mask_detection__functions.c.o[0m
[ 17%] [32m[1mLinking C shared library libinterfaces_pkg__rosidl_generator_c.so[0m
[ 17%] Built target interfaces_pkg__rosidl_generator_c
[ 22%] [34m[1mGenerating C introspection for ROS interfaces[0m
[ 22%] [34m[1mGenerating C type support dispatch for ROS interfaces[0m
[ 22%] [34m[1mGenerating C type support for eProsima Fast-RTPS[0m
[35m[1mConsolidate compiler generated dependencies of target interfaces_pkg__rosidl_typesupport_cpp[0m
[ 28%] [32mBuilding CXX object CMakeFiles/interfaces_pkg__rosidl_typesupport_cpp.dir/rosidl_typesupport_cpp/interfaces_pkg/msg/yolov8_objects__type_support.cpp.o[0m
[ 28%] [32mBuilding CXX object CMakeFiles/interfaces_pkg__rosidl_typesupport_cpp.dir/rosidl_typesupport_cpp/interfaces_pkg/msg/mask_detection__type_support.cpp.o[0m
[ 28%] [32mBuilding CXX object CMakeFiles/interfaces_pkg__rosidl_typesupport_cpp.dir/rosidl_typesupport_cpp/interfaces_pkg/msg/detected_object__type_support.cpp.o[0m
[ 28%] [32mBuilding CXX object CMakeFiles/interfaces_pkg__rosidl_typesupport_cpp.dir/rosidl_typesupport_cpp/interfaces_pkg/msg/list_of_mask_detections__type_support.cpp.o[0m
[ 30%] [32mBuilding CXX object CMakeFiles/interfaces_pkg__rosidl_typesupport_cpp.dir/rosidl_typesupport_cpp/interfaces_pkg/msg/tracking_mask__type_support.cpp.o[0m
[35m[1mConsolidate compiler generated dependencies of target interfaces_pkg__rosidl_typesupport_introspection_cpp[0m
[ 36%] [32mBuilding CXX object CMakeFiles/interfaces_pkg__rosidl_typesupport_introspection_cpp.dir/rosidl_typesupport_introspection_cpp/interfaces_pkg/msg/detail/tracking_mask__type_support.cpp.o[0m
[ 36%] [32mBuilding CXX object CMakeFiles/interfaces_pkg__rosidl_typesupport_introspection_cpp.dir/rosidl_typesupport_introspection_cpp/interfaces_pkg/msg/detail/list_of_mask_detections__type_support.cpp.o[0m
[ 36%] [32mBuilding CXX object CMakeFiles/interfaces_pkg__rosidl_typesupport_introspection_cpp.dir/rosidl_typesupport_introspection_cpp/interfaces_pkg/msg/detail/detected_object__type_support.cpp.o[0m
[ 36%] [32mBuilding CXX object CMakeFiles/interfaces_pkg__rosidl_typesupport_introspection_cpp.dir/rosidl_typesupport_introspection_cpp/interfaces_pkg/msg/detail/mask_detection__type_support.cpp.o[0m
[ 38%] [32mBuilding CXX object CMakeFiles/interfaces_pkg__rosidl_typesupport_introspection_cpp.dir/rosidl_typesupport_introspection_cpp/interfaces_pkg/msg/detail/yolov8_objects__type_support.cpp.o[0m
[35m[1mConsolidate compiler generated dependencies of target interfaces_pkg__rosidl_typesupport_fastrtps_cpp[0m
[ 39%] [32mBuilding CXX object CMakeFiles/interfaces_pkg__rosidl_typesupport_fastrtps_cpp.dir/rosidl_typesupport_fastrtps_cpp/interfaces_pkg/msg/detail/dds_fastrtps/mask_detection__type_support.cpp.o[0m
[ 41%] [32mBuilding CXX object CMakeFiles/interfaces_pkg__rosidl_typesupport_fastrtps_cpp.dir/rosidl_typesupport_fastrtps_cpp/interfaces_pkg/msg/detail/dds_fastrtps/yolov8_objects__type_support.cpp.o[0m
[ 42%] [32mBuilding CXX object CMakeFiles/interfaces_pkg__rosidl_typesupport_fastrtps_cpp.dir/rosidl_typesupport_fastrtps_cpp/interfaces_pkg/msg/detail/dds_fastrtps/detected_object__type_support.cpp.o[0m
[35m[1mConsolidate compiler generated dependencies of target interfaces_pkg__rosidl_typesupport_c[0m
[ 44%] [32mBuilding CXX object CMakeFiles/interfaces_pkg__rosidl_typesupport_c.dir/rosidl_typesupport_c/interfaces_pkg/msg/detected_object__type_support.cpp.o[0m
[ 46%] [32mBuilding CXX object CMakeFiles/interfaces_pkg__rosidl_typesupport_c.dir/rosidl_typesupport_c/interfaces_pkg/msg/yolov8_objects__type_support.cpp.o[0m
[ 47%] [32mBuilding CXX object CMakeFiles/interfaces_pkg__rosidl_typesupport_c.dir/rosidl_typesupport_c/interfaces_pkg/msg/mask_detection__type_support.cpp.o[0m
[ 49%] [32mBuilding CXX object CMakeFiles/interfaces_pkg__rosidl_typesupport_c.dir/rosidl_typesupport_c/interfaces_pkg/msg/list_of_mask_detections__type_support.cpp.o[0m
[ 50%] [32mBuilding CXX object CMakeFiles/interfaces_pkg__rosidl_typesupport_fastrtps_cpp.dir/rosidl_typesupport_fastrtps_cpp/interfaces_pkg/msg/detail/dds_fastrtps/list_of_mask_detections__type_support.cpp.o[0m
[ 52%] [32m[1mLinking CXX shared library libinterfaces_pkg__rosidl_typesupport_cpp.so[0m
[ 55%] [32mBuilding CXX object CMakeFiles/interfaces_pkg__rosidl_typesupport_fastrtps_cpp.dir/rosidl_typesupport_fastrtps_cpp/interfaces_pkg/msg/detail/dds_fastrtps/tracking_mask__type_support.cpp.o[0m
[ 55%] [32mBuilding CXX object CMakeFiles/interfaces_pkg__rosidl_typesupport_c.dir/rosidl_typesupport_c/interfaces_pkg/msg/tracking_mask__type_support.cpp.o[0m
[35m[1mConsolidate compiler generated dependencies of target interfaces_pkg__rosidl_typesupport_introspection_c[0m
[35m[1mConsolidate compiler generated dependencies of target interfaces_pkg__rosidl_typesupport_fastrtps_c[0m
[ 60%] [32mBuilding C object CMakeFiles/interfaces_pkg__rosidl_typesupport_introspection_c.dir/rosidl_typesupport_introspection_c/interfaces_pkg/msg/detail/yolov8_objects__type_support.c.o[0m
[ 60%] [32mBuilding C object CMakeFiles/interfaces_pkg__rosidl_typesupport_introspection_c.dir/rosidl_typesupport_introspection_c/interfaces_pkg/msg/detail/detected_object__type_support.c.o[0m
[ 60%] [32mBuilding C object CMakeFiles/interfaces_pkg__rosidl_typesupport_introspection_c.dir/rosidl_typesupport_introspection_c/interfaces_pkg/msg/detail/mask_detection__type_support.c.o[0m
[ 61%] [32m[1mLinking CXX shared library libinterfaces_pkg__rosidl_typesupport_c.so[0m
[ 63%] [32mBuilding CXX object CMakeFiles/interfaces_pkg__rosidl_typesupport_fastrtps_c.dir/rosidl_typesupport_fastrtps_c/interfaces_pkg/msg/detail/detected_object__type_support_c.cpp.o[0m
[ 63%] Built target interfaces_pkg__rosidl_typesupport_cpp
[ 65%] [32mBuilding C object CMakeFiles/interfaces_pkg__rosidl_typesupport_introspection_c.dir/rosidl_typesupport_introspection_c/interfaces_pkg/msg/detail/list_of_mask_detections__type_support.c.o[0m
[ 66%] [32mBuilding C object CMakeFiles/interfaces_pkg__rosidl_typesupport_introspection_c.dir/rosidl_typesupport_introspection_c/interfaces_pkg/msg/detail/tracking_mask__type_support.c.o[0m
[ 68%] [32mBuilding CXX object CMakeFiles/interfaces_pkg__rosidl_typesupport_fastrtps_c.dir/rosidl_typesupport_fastrtps_c/interfaces_pkg/msg/detail/yolov8_objects__type_support_c.cpp.o[0m
[ 69%] [32mBuilding CXX object CMakeFiles/interfaces_pkg__rosidl_typesupport_fastrtps_c.dir/rosidl_typesupport_fastrtps_c/interfaces_pkg/msg/detail/mask_detection__type_support_c.cpp.o[0m
[ 69%] Built target interfaces_pkg__rosidl_typesupport_c
[ 71%] [32mBuilding CXX object CMakeFiles/interfaces_pkg__rosidl_typesupport_fastrtps_c.dir/rosidl_typesupport_fastrtps_c/interfaces_pkg/msg/detail/list_of_mask_detections__type_support_c.cpp.o[0m
[ 73%] [32mBuilding CXX object CMakeFiles/interfaces_pkg__rosidl_typesupport_fastrtps_c.dir/rosidl_typesupport_fastrtps_c/interfaces_pkg/msg/detail/tracking_mask__type_support_c.cpp.o[0m
[ 74%] [32m[1mLinking C shared library libinterfaces_pkg__rosidl_typesupport_introspection_c.so[0m
[ 74%] Built target interfaces_pkg__rosidl_typesupport_introspection_c
[ 76%] [32m[1mLinking CXX shared library libinterfaces_pkg__rosidl_typesupport_introspection_cpp.so[0m
[ 76%] Built target interfaces_pkg__rosidl_typesupport_introspection_cpp
[ 77%] [32m[1mLinking CXX shared library libinterfaces_pkg__rosidl_typesupport_fastrtps_cpp.so[0m
[ 79%] [32m[1mLinking CXX shared library libinterfaces_pkg__rosidl_typesupport_fastrtps_c.so[0m
[ 79%] Built target interfaces_pkg__rosidl_typesupport_fastrtps_cpp
[ 79%] Built target interfaces_pkg__rosidl_typesupport_fastrtps_c
[ 79%] Built target interfaces_pkg
[ 80%] [34m[1mGenerating Python code for ROS interfaces[0m
[ 80%] Built target interfaces_pkg__py
[35m[1mConsolidate compiler generated dependencies of target interfaces_pkg__rosidl_generator_py[0m
[ 88%] [32mBuilding C object CMakeFiles/interfaces_pkg__rosidl_generator_py.dir/rosidl_generator_py/interfaces_pkg/msg/_detected_object_s.c.o[0m
[ 88%] [32mBuilding C object CMakeFiles/interfaces_pkg__rosidl_generator_py.dir/rosidl_generator_py/interfaces_pkg/msg/_list_of_mask_detections_s.c.o[0m
[ 88%] [32mBuilding C object CMakeFiles/interfaces_pkg__rosidl_generator_py.dir/rosidl_generator_py/interfaces_pkg/msg/_yolov8_objects_s.c.o[0m
[ 88%] [32mBuilding C object CMakeFiles/interfaces_pkg__rosidl_generator_py.dir/rosidl_generator_py/interfaces_pkg/msg/_mask_detection_s.c.o[0m
[ 88%] [32mBuilding C object CMakeFiles/interfaces_pkg__rosidl_generator_py.dir/rosidl_generator_py/interfaces_pkg/msg/_tracking_mask_s.c.o[0m
[ 90%] [32m[1mLinking C shared library rosidl_generator_py/interfaces_pkg/libinterfaces_pkg__rosidl_generator_py.so[0m
[ 90%] Built target interfaces_pkg__rosidl_generator_py
[35m[1mConsolidate compiler generated dependencies of target interfaces_pkg__rosidl_typesupport_c__pyext[0m
[35m[1mConsolidate compiler generated dependencies of target interfaces_pkg__rosidl_typesupport_fastrtps_c__pyext[0m
[35m[1mConsolidate compiler generated dependencies of target interfaces_pkg__rosidl_typesupport_introspection_c__pyext[0m
[ 95%] [32mBuilding C object CMakeFiles/interfaces_pkg__rosidl_typesupport_c__pyext.dir/rosidl_generator_py/interfaces_pkg/_interfaces_pkg_s.ep.rosidl_typesupport_c.c.o[0m
[ 95%] [32mBuilding C object CMakeFiles/interfaces_pkg__rosidl_typesupport_introspection_c__pyext.dir/rosidl_generator_py/interfaces_pkg/_interfaces_pkg_s.ep.rosidl_typesupport_introspection_c.c.o[0m
[ 95%] [32mBuilding C object CMakeFiles/interfaces_pkg__rosidl_typesupport_fastrtps_c__pyext.dir/rosidl_generator_py/interfaces_pkg/_interfaces_pkg_s.ep.rosidl_typesupport_fastrtps_c.c.o[0m
[100%] [32m[1mLinking C shared library rosidl_generator_py/interfaces_pkg/interfaces_pkg_s__rosidl_typesupport_fastrtps_c.cpython-310-x86_64-linux-gnu.so[0m
[100%] [32m[1mLinking C shared library rosidl_generator_py/interfaces_pkg/interfaces_pkg_s__rosidl_typesupport_c.cpython-310-x86_64-linux-gnu.so[0m
[100%] [32m[1mLinking C shared library rosidl_generator_py/interfaces_pkg/interfaces_pkg_s__rosidl_typesupport_introspection_c.cpython-310-x86_64-linux-gnu.so[0m
[100%] Built target interfaces_pkg__rosidl_typesupport_fastrtps_c__pyext
[100%] Built target interfaces_pkg__rosidl_typesupport_c__pyext
[100%] Built target interfaces_pkg__rosidl_typesupport_introspection_c__pyext
-- Install configuration: ""
-- Execute custom install script
-- Up-to-date symlink: /home/charmie/umib_sam2_yolov8_ros2_ws/install/interfaces_pkg/share/ament_index/resource_index/rosidl_interfaces/interfaces_pkg
-- Up-to-date symlink: /home/charmie/umib_sam2_yolov8_ros2_ws/install/interfaces_pkg/include/interfaces_pkg/interfaces_pkg/msg/detail/detected_object__functions.h
-- Up-to-date symlink: /home/charmie/umib_sam2_yolov8_ros2_ws/install/interfaces_pkg/include/interfaces_pkg/interfaces_pkg/msg/detail/detected_object__struct.h
-- Up-to-date symlink: /home/charmie/umib_sam2_yolov8_ros2_ws/install/interfaces_pkg/include/interfaces_pkg/interfaces_pkg/msg/detail/detected_object__type_support.h
-- Symlinking: /home/charmie/umib_sam2_yolov8_ros2_ws/install/interfaces_pkg/include/interfaces_pkg/interfaces_pkg/msg/detail/list_of_mask_detections__functions.h
-- Symlinking: /home/charmie/umib_sam2_yolov8_ros2_ws/install/interfaces_pkg/include/interfaces_pkg/interfaces_pkg/msg/detail/list_of_mask_detections__struct.h
-- Symlinking: /home/charmie/umib_sam2_yolov8_ros2_ws/install/interfaces_pkg/include/interfaces_pkg/interfaces_pkg/msg/detail/list_of_mask_detections__type_support.h
-- Symlinking: /home/charmie/umib_sam2_yolov8_ros2_ws/install/interfaces_pkg/include/interfaces_pkg/interfaces_pkg/msg/detail/mask_detection__functions.h
-- Symlinking: /home/charmie/umib_sam2_yolov8_ros2_ws/install/interfaces_pkg/include/interfaces_pkg/interfaces_pkg/msg/detail/mask_detection__struct.h
-- Symlinking: /home/charmie/umib_sam2_yolov8_ros2_ws/install/interfaces_pkg/include/interfaces_pkg/interfaces_pkg/msg/detail/mask_detection__type_support.h
-- Symlinking: /home/charmie/umib_sam2_yolov8_ros2_ws/install/interfaces_pkg/include/interfaces_pkg/interfaces_pkg/msg/detail/tracking_mask__functions.h
-- Symlinking: /home/charmie/umib_sam2_yolov8_ros2_ws/install/interfaces_pkg/include/interfaces_pkg/interfaces_pkg/msg/detail/tracking_mask__struct.h
-- Symlinking: /home/charmie/umib_sam2_yolov8_ros2_ws/install/interfaces_pkg/include/interfaces_pkg/interfaces_pkg/msg/detail/tracking_mask__type_support.h
-- Up-to-date symlink: /home/charmie/umib_sam2_yolov8_ros2_ws/install/interfaces_pkg/include/interfaces_pkg/interfaces_pkg/msg/detail/yolov8_objects__functions.h
-- Up-to-date symlink: /home/charmie/umib_sam2_yolov8_ros2_ws/install/interfaces_pkg/include/interfaces_pkg/interfaces_pkg/msg/detail/yolov8_objects__struct.h
-- Up-to-date symlink: /home/charmie/umib_sam2_yolov8_ros2_ws/install/interfaces_pkg/include/interfaces_pkg/interfaces_pkg/msg/detail/yolov8_objects__type_support.h
-- Up-to-date symlink: /home/charmie/umib_sam2_yolov8_ros2_ws/install/interfaces_pkg/include/interfaces_pkg/interfaces_pkg/msg/detected_object.h
-- Symlinking: /home/charmie/umib_sam2_yolov8_ros2_ws/install/interfaces_pkg/include/interfaces_pkg/interfaces_pkg/msg/list_of_mask_detections.h
-- Symlinking: /home/charmie/umib_sam2_yolov8_ros2_ws/install/interfaces_pkg/include/interfaces_pkg/interfaces_pkg/msg/mask_detection.h
-- Up-to-date symlink: /home/charmie/umib_sam2_yolov8_ros2_ws/install/interfaces_pkg/include/interfaces_pkg/interfaces_pkg/msg/rosidl_generator_c__visibility_control.h
-- Symlinking: /home/charmie/umib_sam2_yolov8_ros2_ws/install/interfaces_pkg/include/interfaces_pkg/interfaces_pkg/msg/tracking_mask.h
-- Up-to-date symlink: /home/charmie/umib_sam2_yolov8_ros2_ws/install/interfaces_pkg/include/interfaces_pkg/interfaces_pkg/msg/yolov8_objects.h
-- Up-to-date symlink: /home/charmie/umib_sam2_yolov8_ros2_ws/install/interfaces_pkg/share/interfaces_pkg/environment/library_path.sh
-- Up-to-date symlink: /home/charmie/umib_sam2_yolov8_ros2_ws/install/interfaces_pkg/share/interfaces_pkg/environment/library_path.dsv
-- Up-to-date symlink: /home/charmie/umib_sam2_yolov8_ros2_ws/install/interfaces_pkg/include/interfaces_pkg/interfaces_pkg/msg/detail/detected_object__rosidl_typesupport_fastrtps_c.h
-- Symlinking: /home/charmie/umib_sam2_yolov8_ros2_ws/install/interfaces_pkg/include/interfaces_pkg/interfaces_pkg/msg/detail/list_of_mask_detections__rosidl_typesupport_fastrtps_c.h
-- Symlinking: /home/charmie/umib_sam2_yolov8_ros2_ws/install/interfaces_pkg/include/interfaces_pkg/interfaces_pkg/msg/detail/mask_detection__rosidl_typesupport_fastrtps_c.h
-- Symlinking: /home/charmie/umib_sam2_yolov8_ros2_ws/install/interfaces_pkg/include/interfaces_pkg/interfaces_pkg/msg/detail/tracking_mask__rosidl_typesupport_fastrtps_c.h
-- Up-to-date symlink: /home/charmie/umib_sam2_yolov8_ros2_ws/install/interfaces_pkg/include/interfaces_pkg/interfaces_pkg/msg/detail/yolov8_objects__rosidl_typesupport_fastrtps_c.h
-- Up-to-date symlink: /home/charmie/umib_sam2_yolov8_ros2_ws/install/interfaces_pkg/include/interfaces_pkg/interfaces_pkg/msg/rosidl_typesupport_fastrtps_c__visibility_control.h
-- Up-to-date symlink: /home/charmie/umib_sam2_yolov8_ros2_ws/install/interfaces_pkg/include/interfaces_pkg/interfaces_pkg/msg/detail/detected_object__rosidl_typesupport_introspection_c.h
-- Symlinking: /home/charmie/umib_sam2_yolov8_ros2_ws/install/interfaces_pkg/include/interfaces_pkg/interfaces_pkg/msg/detail/list_of_mask_detections__rosidl_typesupport_introspection_c.h
-- Symlinking: /home/charmie/umib_sam2_yolov8_ros2_ws/install/interfaces_pkg/include/interfaces_pkg/interfaces_pkg/msg/detail/mask_detection__rosidl_typesupport_introspection_c.h
-- Symlinking: /home/charmie/umib_sam2_yolov8_ros2_ws/install/interfaces_pkg/include/interfaces_pkg/interfaces_pkg/msg/detail/tracking_mask__rosidl_typesupport_introspection_c.h
-- Up-to-date symlink: /home/charmie/umib_sam2_yolov8_ros2_ws/install/interfaces_pkg/include/interfaces_pkg/interfaces_pkg/msg/detail/yolov8_objects__rosidl_typesupport_introspection_c.h
-- Up-to-date symlink: /home/charmie/umib_sam2_yolov8_ros2_ws/install/interfaces_pkg/include/interfaces_pkg/interfaces_pkg/msg/rosidl_typesupport_introspection_c__visibility_control.h
-- Up-to-date symlink: /home/charmie/umib_sam2_yolov8_ros2_ws/install/interfaces_pkg/include/interfaces_pkg/interfaces_pkg/msg/detail/detected_object__builder.hpp
-- Up-to-date symlink: /home/charmie/umib_sam2_yolov8_ros2_ws/install/interfaces_pkg/include/interfaces_pkg/interfaces_pkg/msg/detail/detected_object__struct.hpp
-- Up-to-date symlink: /home/charmie/umib_sam2_yolov8_ros2_ws/install/interfaces_pkg/include/interfaces_pkg/interfaces_pkg/msg/detail/detected_object__traits.hpp
-- Symlinking: /home/charmie/umib_sam2_yolov8_ros2_ws/install/interfaces_pkg/include/interfaces_pkg/interfaces_pkg/msg/detail/list_of_mask_detections__builder.hpp
-- Symlinking: /home/charmie/umib_sam2_yolov8_ros2_ws/install/interfaces_pkg/include/interfaces_pkg/interfaces_pkg/msg/detail/list_of_mask_detections__struct.hpp
-- Symlinking: /home/charmie/umib_sam2_yolov8_ros2_ws/install/interfaces_pkg/include/interfaces_pkg/interfaces_pkg/msg/detail/list_of_mask_detections__traits.hpp
-- Symlinking: /home/charmie/umib_sam2_yolov8_ros2_ws/install/interfaces_pkg/include/interfaces_pkg/interfaces_pkg/msg/detail/mask_detection__builder.hpp
-- Symlinking: /home/charmie/umib_sam2_yolov8_ros2_ws/install/interfaces_pkg/include/interfaces_pkg/interfaces_pkg/msg/detail/mask_detection__struct.hpp
-- Symlinking: /home/charmie/umib_sam2_yolov8_ros2_ws/install/interfaces_pkg/include/interfaces_pkg/interfaces_pkg/msg/detail/mask_detection__traits.hpp
-- Symlinking: /home/charmie/umib_sam2_yolov8_ros2_ws/install/interfaces_pkg/include/interfaces_pkg/interfaces_pkg/msg/detail/tracking_mask__builder.hpp
-- Symlinking: /home/charmie/umib_sam2_yolov8_ros2_ws/install/interfaces_pkg/include/interfaces_pkg/interfaces_pkg/msg/detail/tracking_mask__struct.hpp
-- Symlinking: /home/charmie/umib_sam2_yolov8_ros2_ws/install/interfaces_pkg/include/interfaces_pkg/interfaces_pkg/msg/detail/tracking_mask__traits.hpp
-- Up-to-date symlink: /home/charmie/umib_sam2_yolov8_ros2_ws/install/interfaces_pkg/include/interfaces_pkg/interfaces_pkg/msg/detail/yolov8_objects__builder.hpp
-- Up-to-date symlink: /home/charmie/umib_sam2_yolov8_ros2_ws/install/interfaces_pkg/include/interfaces_pkg/interfaces_pkg/msg/detail/yolov8_objects__struct.hpp
-- Up-to-date symlink: /home/charmie/umib_sam2_yolov8_ros2_ws/install/interfaces_pkg/include/interfaces_pkg/interfaces_pkg/msg/detail/yolov8_objects__traits.hpp
-- Up-to-date symlink: /home/charmie/umib_sam2_yolov8_ros2_ws/install/interfaces_pkg/include/interfaces_pkg/interfaces_pkg/msg/detected_object.hpp
-- Symlinking: /home/charmie/umib_sam2_yolov8_ros2_ws/install/interfaces_pkg/include/interfaces_pkg/interfaces_pkg/msg/list_of_mask_detections.hpp
-- Symlinking: /home/charmie/umib_sam2_yolov8_ros2_ws/install/interfaces_pkg/include/interfaces_pkg/interfaces_pkg/msg/mask_detection.hpp
-- Symlinking: /home/charmie/umib_sam2_yolov8_ros2_ws/install/interfaces_pkg/include/interfaces_pkg/interfaces_pkg/msg/tracking_mask.hpp
-- Up-to-date symlink: /home/charmie/umib_sam2_yolov8_ros2_ws/install/interfaces_pkg/include/interfaces_pkg/interfaces_pkg/msg/yolov8_objects.hpp
-- Up-to-date symlink: /home/charmie/umib_sam2_yolov8_ros2_ws/install/interfaces_pkg/include/interfaces_pkg/interfaces_pkg/msg/detail/detected_object__rosidl_typesupport_fastrtps_cpp.hpp
-- Symlinking: /home/charmie/umib_sam2_yolov8_ros2_ws/install/interfaces_pkg/include/interfaces_pkg/interfaces_pkg/msg/detail/list_of_mask_detections__rosidl_typesupport_fastrtps_cpp.hpp
-- Symlinking: /home/charmie/umib_sam2_yolov8_ros2_ws/install/interfaces_pkg/include/interfaces_pkg/interfaces_pkg/msg/detail/mask_detection__rosidl_typesupport_fastrtps_cpp.hpp
-- Symlinking: /home/charmie/umib_sam2_yolov8_ros2_ws/install/interfaces_pkg/include/interfaces_pkg/interfaces_pkg/msg/detail/tracking_mask__rosidl_typesupport_fastrtps_cpp.hpp
-- Up-to-date symlink: /home/charmie/umib_sam2_yolov8_ros2_ws/install/interfaces_pkg/include/interfaces_pkg/interfaces_pkg/msg/detail/yolov8_objects__rosidl_typesupport_fastrtps_cpp.hpp
-- Up-to-date symlink: /home/charmie/umib_sam2_yolov8_ros2_ws/install/interfaces_pkg/include/interfaces_pkg/interfaces_pkg/msg/rosidl_typesupport_fastrtps_cpp__visibility_control.h
-- Up-to-date symlink: /home/charmie/umib_sam2_yolov8_ros2_ws/install/interfaces_pkg/include/interfaces_pkg/interfaces_pkg/msg/detail/detected_object__rosidl_typesupport_introspection_cpp.hpp
-- Symlinking: /home/charmie/umib_sam2_yolov8_ros2_ws/install/interfaces_pkg/include/interfaces_pkg/interfaces_pkg/msg/detail/list_of_mask_detections__rosidl_typesupport_introspection_cpp.hpp
-- Symlinking: /home/charmie/umib_sam2_yolov8_ros2_ws/install/interfaces_pkg/include/interfaces_pkg/interfaces_pkg/msg/detail/mask_detection__rosidl_typesupport_introspection_cpp.hpp
-- Symlinking: /home/charmie/umib_sam2_yolov8_ros2_ws/install/interfaces_pkg/include/interfaces_pkg/interfaces_pkg/msg/detail/tracking_mask__rosidl_typesupport_introspection_cpp.hpp
-- Up-to-date symlink: /home/charmie/umib_sam2_yolov8_ros2_ws/install/interfaces_pkg/include/interfaces_pkg/interfaces_pkg/msg/detail/yolov8_objects__rosidl_typesupport_introspection_cpp.hpp
-- Up-to-date symlink: /home/charmie/umib_sam2_yolov8_ros2_ws/install/interfaces_pkg/share/interfaces_pkg/environment/pythonpath.sh
-- Up-to-date symlink: /home/charmie/umib_sam2_yolov8_ros2_ws/install/interfaces_pkg/share/interfaces_pkg/environment/pythonpath.dsv
-- Up-to-date symlink: /home/charmie/umib_sam2_yolov8_ros2_ws/install/interfaces_pkg/local/lib/python3.10/dist-packages/interfaces_pkg-0.0.0-py3.10.egg-info/PKG-INFO
-- Up-to-date symlink: /home/charmie/umib_sam2_yolov8_ros2_ws/install/interfaces_pkg/local/lib/python3.10/dist-packages/interfaces_pkg-0.0.0-py3.10.egg-info/SOURCES.txt
-- Up-to-date symlink: /home/charmie/umib_sam2_yolov8_ros2_ws/install/interfaces_pkg/local/lib/python3.10/dist-packages/interfaces_pkg-0.0.0-py3.10.egg-info/dependency_links.txt
-- Up-to-date symlink: /home/charmie/umib_sam2_yolov8_ros2_ws/install/interfaces_pkg/local/lib/python3.10/dist-packages/interfaces_pkg-0.0.0-py3.10.egg-info/top_level.txt
-- Up-to-date symlink: /home/charmie/umib_sam2_yolov8_ros2_ws/install/interfaces_pkg/local/lib/python3.10/dist-packages/interfaces_pkg/__init__.py
-- Up-to-date symlink: /home/charmie/umib_sam2_yolov8_ros2_ws/install/interfaces_pkg/local/lib/python3.10/dist-packages/interfaces_pkg/_interfaces_pkg_s.ep.rosidl_typesupport_c.c
-- Up-to-date symlink: /home/charmie/umib_sam2_yolov8_ros2_ws/install/interfaces_pkg/local/lib/python3.10/dist-packages/interfaces_pkg/_interfaces_pkg_s.ep.rosidl_typesupport_fastrtps_c.c
-- Up-to-date symlink: /home/charmie/umib_sam2_yolov8_ros2_ws/install/interfaces_pkg/local/lib/python3.10/dist-packages/interfaces_pkg/_interfaces_pkg_s.ep.rosidl_typesupport_introspection_c.c
-- Up-to-date symlink: /home/charmie/umib_sam2_yolov8_ros2_ws/install/interfaces_pkg/local/lib/python3.10/dist-packages/interfaces_pkg/interfaces_pkg_s__rosidl_typesupport_c.cpython-310-x86_64-linux-gnu.so
-- Up-to-date symlink: /home/charmie/umib_sam2_yolov8_ros2_ws/install/interfaces_pkg/local/lib/python3.10/dist-packages/interfaces_pkg/interfaces_pkg_s__rosidl_typesupport_fastrtps_c.cpython-310-x86_64-linux-gnu.so
-- Up-to-date symlink: /home/charmie/umib_sam2_yolov8_ros2_ws/install/interfaces_pkg/local/lib/python3.10/dist-packages/interfaces_pkg/interfaces_pkg_s__rosidl_typesupport_introspection_c.cpython-310-x86_64-linux-gnu.so
-- Up-to-date symlink: /home/charmie/umib_sam2_yolov8_ros2_ws/install/interfaces_pkg/local/lib/python3.10/dist-packages/interfaces_pkg/libinterfaces_pkg__rosidl_generator_py.so
-- Up-to-date symlink: /home/charmie/umib_sam2_yolov8_ros2_ws/install/interfaces_pkg/local/lib/python3.10/dist-packages/interfaces_pkg/msg/__init__.py
-- Up-to-date symlink: /home/charmie/umib_sam2_yolov8_ros2_ws/install/interfaces_pkg/local/lib/python3.10/dist-packages/interfaces_pkg/msg/_detected_object.py
-- Up-to-date symlink: /home/charmie/umib_sam2_yolov8_ros2_ws/install/interfaces_pkg/local/lib/python3.10/dist-packages/interfaces_pkg/msg/_detected_object_s.c
-- Symlinking: /home/charmie/umib_sam2_yolov8_ros2_ws/install/interfaces_pkg/local/lib/python3.10/dist-packages/interfaces_pkg/msg/_list_of_mask_detections.py
-- Symlinking: /home/charmie/umib_sam2_yolov8_ros2_ws/install/interfaces_pkg/local/lib/python3.10/dist-packages/interfaces_pkg/msg/_list_of_mask_detections_s.c
-- Symlinking: /home/charmie/umib_sam2_yolov8_ros2_ws/install/interfaces_pkg/local/lib/python3.10/dist-packages/interfaces_pkg/msg/_mask_detection.py
-- Symlinking: /home/charmie/umib_sam2_yolov8_ros2_ws/install/interfaces_pkg/local/lib/python3.10/dist-packages/interfaces_pkg/msg/_mask_detection_s.c
-- Symlinking: /home/charmie/umib_sam2_yolov8_ros2_ws/install/interfaces_pkg/local/lib/python3.10/dist-packages/interfaces_pkg/msg/_tracking_mask.py
-- Symlinking: /home/charmie/umib_sam2_yolov8_ros2_ws/install/interfaces_pkg/local/lib/python3.10/dist-packages/interfaces_pkg/msg/_tracking_mask_s.c
-- Up-to-date symlink: /home/charmie/umib_sam2_yolov8_ros2_ws/install/interfaces_pkg/local/lib/python3.10/dist-packages/interfaces_pkg/msg/_yolov8_objects.py
-- Up-to-date symlink: /home/charmie/umib_sam2_yolov8_ros2_ws/install/interfaces_pkg/local/lib/python3.10/dist-packages/interfaces_pkg/msg/_yolov8_objects_s.c
-- Up-to-date symlink: /home/charmie/umib_sam2_yolov8_ros2_ws/install/interfaces_pkg/local/lib/python3.10/dist-packages/interfaces_pkg/interfaces_pkg_s__rosidl_typesupport_fastrtps_c.cpython-310-x86_64-linux-gnu.so
-- Up-to-date symlink: /home/charmie/umib_sam2_yolov8_ros2_ws/install/interfaces_pkg/local/lib/python3.10/dist-packages/interfaces_pkg/interfaces_pkg_s__rosidl_typesupport_introspection_c.cpython-310-x86_64-linux-gnu.so
-- Up-to-date symlink: /home/charmie/umib_sam2_yolov8_ros2_ws/install/interfaces_pkg/local/lib/python3.10/dist-packages/interfaces_pkg/interfaces_pkg_s__rosidl_typesupport_c.cpython-310-x86_64-linux-gnu.so
-- Up-to-date symlink: /home/charmie/umib_sam2_yolov8_ros2_ws/install/interfaces_pkg/share/interfaces_pkg/msg/DetectedObject.idl
-- Up-to-date symlink: /home/charmie/umib_sam2_yolov8_ros2_ws/install/interfaces_pkg/share/interfaces_pkg/msg/Yolov8Objects.idl
-- Symlinking: /home/charmie/umib_sam2_yolov8_ros2_ws/install/interfaces_pkg/share/interfaces_pkg/msg/MaskDetection.idl
-- Symlinking: /home/charmie/umib_sam2_yolov8_ros2_ws/install/interfaces_pkg/share/interfaces_pkg/msg/ListOfMaskDetections.idl
-- Symlinking: /home/charmie/umib_sam2_yolov8_ros2_ws/install/interfaces_pkg/share/interfaces_pkg/msg/TrackingMask.idl
-- Up-to-date symlink: /home/charmie/umib_sam2_yolov8_ros2_ws/install/interfaces_pkg/share/interfaces_pkg/msg/DetectedObject.msg
-- Up-to-date symlink: /home/charmie/umib_sam2_yolov8_ros2_ws/install/interfaces_pkg/share/interfaces_pkg/msg/Yolov8Objects.msg
-- Symlinking: /home/charmie/umib_sam2_yolov8_ros2_ws/install/interfaces_pkg/share/interfaces_pkg/msg/MaskDetection.msg
-- Symlinking: /home/charmie/umib_sam2_yolov8_ros2_ws/install/interfaces_pkg/share/interfaces_pkg/msg/ListOfMaskDetections.msg
-- Symlinking: /home/charmie/umib_sam2_yolov8_ros2_ws/install/interfaces_pkg/share/interfaces_pkg/msg/TrackingMask.msg
-- Up-to-date symlink: /home/charmie/umib_sam2_yolov8_ros2_ws/install/interfaces_pkg/share/ament_index/resource_index/package_run_dependencies/interfaces_pkg
-- Up-to-date symlink: /home/charmie/umib_sam2_yolov8_ros2_ws/install/interfaces_pkg/share/ament_index/resource_index/parent_prefix_path/interfaces_pkg
-- Up-to-date symlink: /home/charmie/umib_sam2_yolov8_ros2_ws/install/interfaces_pkg/share/interfaces_pkg/environment/ament_prefix_path.sh
-- Up-to-date symlink: /home/charmie/umib_sam2_yolov8_ros2_ws/install/interfaces_pkg/share/interfaces_pkg/environment/ament_prefix_path.dsv
-- Up-to-date symlink: /home/charmie/umib_sam2_yolov8_ros2_ws/install/interfaces_pkg/share/interfaces_pkg/environment/path.sh
-- Up-to-date symlink: /home/charmie/umib_sam2_yolov8_ros2_ws/install/interfaces_pkg/share/interfaces_pkg/environment/path.dsv
-- Up-to-date symlink: /home/charmie/umib_sam2_yolov8_ros2_ws/install/interfaces_pkg/share/interfaces_pkg/local_setup.bash
-- Up-to-date symlink: /home/charmie/umib_sam2_yolov8_ros2_ws/install/interfaces_pkg/share/interfaces_pkg/local_setup.sh
-- Up-to-date symlink: /home/charmie/umib_sam2_yolov8_ros2_ws/install/interfaces_pkg/share/interfaces_pkg/local_setup.zsh
-- Up-to-date symlink: /home/charmie/umib_sam2_yolov8_ros2_ws/install/interfaces_pkg/share/interfaces_pkg/local_setup.dsv
-- Symlinking: /home/charmie/umib_sam2_yolov8_ros2_ws/install/interfaces_pkg/share/interfaces_pkg/package.dsv
-- Up-to-date symlink: /home/charmie/umib_sam2_yolov8_ros2_ws/install/interfaces_pkg/share/ament_index/resource_index/packages/interfaces_pkg
-- Up-to-date symlink: /home/charmie/umib_sam2_yolov8_ros2_ws/install/interfaces_pkg/share/interfaces_pkg/cmake/rosidl_cmake-extras.cmake
-- Up-to-date symlink: /home/charmie/umib_sam2_yolov8_ros2_ws/install/interfaces_pkg/share/interfaces_pkg/cmake/ament_cmake_export_dependencies-extras.cmake
-- Up-to-date symlink: /home/charmie/umib_sam2_yolov8_ros2_ws/install/interfaces_pkg/share/interfaces_pkg/cmake/ament_cmake_export_include_directories-extras.cmake
-- Up-to-date symlink: /home/charmie/umib_sam2_yolov8_ros2_ws/install/interfaces_pkg/share/interfaces_pkg/cmake/ament_cmake_export_libraries-extras.cmake
-- Up-to-date symlink: /home/charmie/umib_sam2_yolov8_ros2_ws/install/interfaces_pkg/share/interfaces_pkg/cmake/ament_cmake_export_targets-extras.cmake
-- Up-to-date symlink: /home/charmie/umib_sam2_yolov8_ros2_ws/install/interfaces_pkg/share/interfaces_pkg/cmake/rosidl_cmake_export_typesupport_targets-extras.cmake
-- Up-to-date symlink: /home/charmie/umib_sam2_yolov8_ros2_ws/install/interfaces_pkg/share/interfaces_pkg/cmake/rosidl_cmake_export_typesupport_libraries-extras.cmake
-- Up-to-date symlink: /home/charmie/umib_sam2_yolov8_ros2_ws/install/interfaces_pkg/share/interfaces_pkg/cmake/interfaces_pkgConfig.cmake
-- Up-to-date symlink: /home/charmie/umib_sam2_yolov8_ros2_ws/install/interfaces_pkg/share/interfaces_pkg/cmake/interfaces_pkgConfig-version.cmake
-- Up-to-date symlink: /home/charmie/umib_sam2_yolov8_ros2_ws/install/interfaces_pkg/share/interfaces_pkg/package.xml
-- Installing: /home/charmie/umib_sam2_yolov8_ros2_ws/install/interfaces_pkg/lib/libinterfaces_pkg__rosidl_generator_c.so
-- Set runtime path of "/home/charmie/umib_sam2_yolov8_ros2_ws/install/interfaces_pkg/lib/libinterfaces_pkg__rosidl_generator_c.so" to ""
-- Installing: /home/charmie/umib_sam2_yolov8_ros2_ws/install/interfaces_pkg/lib/libinterfaces_pkg__rosidl_typesupport_fastrtps_c.so
-- Set runtime path of "/home/charmie/umib_sam2_yolov8_ros2_ws/install/interfaces_pkg/lib/libinterfaces_pkg__rosidl_typesupport_fastrtps_c.so" to ""
-- Installing: /home/charmie/umib_sam2_yolov8_ros2_ws/install/interfaces_pkg/lib/libinterfaces_pkg__rosidl_typesupport_introspection_c.so
-- Set runtime path of "/home/charmie/umib_sam2_yolov8_ros2_ws/install/interfaces_pkg/lib/libinterfaces_pkg__rosidl_typesupport_introspection_c.so" to ""
-- Installing: /home/charmie/umib_sam2_yolov8_ros2_ws/install/interfaces_pkg/lib/libinterfaces_pkg__rosidl_typesupport_c.so
-- Set runtime path of "/home/charmie/umib_sam2_yolov8_ros2_ws/install/interfaces_pkg/lib/libinterfaces_pkg__rosidl_typesupport_c.so" to ""
-- Installing: /home/charmie/umib_sam2_yolov8_ros2_ws/install/interfaces_pkg/lib/libinterfaces_pkg__rosidl_typesupport_fastrtps_cpp.so
-- Set runtime path of "/home/charmie/umib_sam2_yolov8_ros2_ws/install/interfaces_pkg/lib/libinterfaces_pkg__rosidl_typesupport_fastrtps_cpp.so" to ""
-- Installing: /home/charmie/umib_sam2_yolov8_ros2_ws/install/interfaces_pkg/lib/libinterfaces_pkg__rosidl_typesupport_introspection_cpp.so
-- Set runtime path of "/home/charmie/umib_sam2_yolov8_ros2_ws/install/interfaces_pkg/lib/libinterfaces_pkg__rosidl_typesupport_introspection_cpp.so" to ""
-- Installing: /home/charmie/umib_sam2_yolov8_ros2_ws/install/interfaces_pkg/lib/libinterfaces_pkg__rosidl_typesupport_cpp.so
-- Set runtime path of "/home/charmie/umib_sam2_yolov8_ros2_ws/install/interfaces_pkg/lib/libinterfaces_pkg__rosidl_typesupport_cpp.so" to ""
Listing '/home/charmie/umib_sam2_yolov8_ros2_ws/install/interfaces_pkg/local/lib/python3.10/dist-packages/interfaces_pkg'...
Compiling '/home/charmie/umib_sam2_yolov8_ros2_ws/install/interfaces_pkg/local/lib/python3.10/dist-packages/interfaces_pkg/__init__.py'...
Listing '/home/charmie/umib_sam2_yolov8_ros2_ws/install/interfaces_pkg/local/lib/python3.10/dist-packages/interfaces_pkg/msg'...
Compiling '/home/charmie/umib_sam2_yolov8_ros2_ws/install/interfaces_pkg/local/lib/python3.10/dist-packages/interfaces_pkg/msg/__init__.py'...
Compiling '/home/charmie/umib_sam2_yolov8_ros2_ws/install/interfaces_pkg/local/lib/python3.10/dist-packages/interfaces_pkg/msg/_detected_object.py'...
Compiling '/home/charmie/umib_sam2_yolov8_ros2_ws/install/interfaces_pkg/local/lib/python3.10/dist-packages/interfaces_pkg/msg/_list_of_mask_detections.py'...
Compiling '/home/charmie/umib_sam2_yolov8_ros2_ws/install/interfaces_pkg/local/lib/python3.10/dist-packages/interfaces_pkg/msg/_mask_detection.py'...
Compiling '/home/charmie/umib_sam2_yolov8_ros2_ws/install/interfaces_pkg/local/lib/python3.10/dist-packages/interfaces_pkg/msg/_tracking_mask.py'...
Compiling '/home/charmie/umib_sam2_yolov8_ros2_ws/install/interfaces_pkg/local/lib/python3.10/dist-packages/interfaces_pkg/msg/_yolov8_objects.py'...
-- Installing: /home/charmie/umib_sam2_yolov8_ros2_ws/install/interfaces_pkg/lib/libinterfaces_pkg__rosidl_generator_py.so
-- Set runtime path of "/home/charmie/umib_sam2_yolov8_ros2_ws/install/interfaces_pkg/lib/libinterfaces_pkg__rosidl_generator_py.so" to ""
-- Up-to-date: /home/charmie/umib_sam2_yolov8_ros2_ws/install/interfaces_pkg/share/interfaces_pkg/cmake/export_interfaces_pkg__rosidl_generator_cExport.cmake
-- Up-to-date: /home/charmie/umib_sam2_yolov8_ros2_ws/install/interfaces_pkg/share/interfaces_pkg/cmake/export_interfaces_pkg__rosidl_generator_cExport-noconfig.cmake
-- Up-to-date: /home/charmie/umib_sam2_yolov8_ros2_ws/install/interfaces_pkg/share/interfaces_pkg/cmake/export_interfaces_pkg__rosidl_typesupport_fastrtps_cExport.cmake
-- Up-to-date: /home/charmie/umib_sam2_yolov8_ros2_ws/install/interfaces_pkg/share/interfaces_pkg/cmake/export_interfaces_pkg__rosidl_typesupport_fastrtps_cExport-noconfig.cmake
-- Up-to-date: /home/charmie/umib_sam2_yolov8_ros2_ws/install/interfaces_pkg/share/interfaces_pkg/cmake/interfaces_pkg__rosidl_typesupport_introspection_cExport.cmake
-- Up-to-date: /home/charmie/umib_sam2_yolov8_ros2_ws/install/interfaces_pkg/share/interfaces_pkg/cmake/interfaces_pkg__rosidl_typesupport_introspection_cExport-noconfig.cmake
-- Up-to-date: /home/charmie/umib_sam2_yolov8_ros2_ws/install/interfaces_pkg/share/interfaces_pkg/cmake/interfaces_pkg__rosidl_typesupport_cExport.cmake
-- Up-to-date: /home/charmie/umib_sam2_yolov8_ros2_ws/install/interfaces_pkg/share/interfaces_pkg/cmake/interfaces_pkg__rosidl_typesupport_cExport-noconfig.cmake
-- Up-to-date: /home/charmie/umib_sam2_yolov8_ros2_ws/install/interfaces_pkg/share/interfaces_pkg/cmake/export_interfaces_pkg__rosidl_generator_cppExport.cmake
-- Up-to-date: /home/charmie/umib_sam2_yolov8_ros2_ws/install/interfaces_pkg/share/interfaces_pkg/cmake/export_interfaces_pkg__rosidl_typesupport_fastrtps_cppExport.cmake
-- Up-to-date: /home/charmie/umib_sam2_yolov8_ros2_ws/install/interfaces_pkg/share/interfaces_pkg/cmake/export_interfaces_pkg__rosidl_typesupport_fastrtps_cppExport-noconfig.cmake
-- Up-to-date: /home/charmie/umib_sam2_yolov8_ros2_ws/install/interfaces_pkg/share/interfaces_pkg/cmake/interfaces_pkg__rosidl_typesupport_introspection_cppExport.cmake
-- Up-to-date: /home/charmie/umib_sam2_yolov8_ros2_ws/install/interfaces_pkg/share/interfaces_pkg/cmake/interfaces_pkg__rosidl_typesupport_introspection_cppExport-noconfig.cmake
-- Up-to-date: /home/charmie/umib_sam2_yolov8_ros2_ws/install/interfaces_pkg/share/interfaces_pkg/cmake/interfaces_pkg__rosidl_typesupport_cppExport.cmake
-- Up-to-date: /home/charmie/umib_sam2_yolov8_ros2_ws/install/interfaces_pkg/share/interfaces_pkg/cmake/interfaces_pkg__rosidl_typesupport_cppExport-noconfig.cmake
-- Up-to-date: /home/charmie/umib_sam2_yolov8_ros2_ws/install/interfaces_pkg/share/interfaces_pkg/cmake/export_interfaces_pkg__rosidl_generator_pyExport.cmake
-- Up-to-date: /home/charmie/umib_sam2_yolov8_ros2_ws/install/interfaces_pkg/share/interfaces_pkg/cmake/export_interfaces_pkg__rosidl_generator_pyExport-noconfig.cmake
